

Started GET "/" for 127.0.0.1 at 2015-08-01 17:14:31 -0700
Processing by Rails::WelcomeController#index as HTML
  Rendered /home/sam/.rvm/gems/ruby-2.2.0@tcd-training/gems/railties-4.2.3/lib/rails/templates/rails/welcome/index.html.erb (1.6ms)
Completed 200 OK in 15ms (Views: 6.6ms | ActiveRecord: 0.0ms)


Started GET "/" for 127.0.0.1 at 2015-08-01 22:07:49 -0700
Processing by Rails::WelcomeController#index as HTML
  Rendered /home/sam/.rvm/gems/ruby-2.2.0@tcd-training/gems/railties-4.2.3/lib/rails/templates/rails/welcome/index.html.erb (1.2ms)
Completed 200 OK in 13ms (Views: 5.6ms | ActiveRecord: 0.0ms)


Started GET "/about.html" for 127.0.0.1 at 2015-08-02 00:37:57 -0700

ActionController::RoutingError (No route matches [GET] "/about.html"):
  actionpack (4.2.3) lib/action_dispatch/middleware/debug_exceptions.rb:21:in `call'
  web-console (2.2.1) lib/web_console/middleware.rb:39:in `call'
  actionpack (4.2.3) lib/action_dispatch/middleware/show_exceptions.rb:30:in `call'
  railties (4.2.3) lib/rails/rack/logger.rb:38:in `call_app'
  railties (4.2.3) lib/rails/rack/logger.rb:20:in `block in call'
  activesupport (4.2.3) lib/active_support/tagged_logging.rb:68:in `block in tagged'
  activesupport (4.2.3) lib/active_support/tagged_logging.rb:26:in `tagged'
  activesupport (4.2.3) lib/active_support/tagged_logging.rb:68:in `tagged'
  railties (4.2.3) lib/rails/rack/logger.rb:20:in `call'
  quiet_assets (1.1.0) lib/quiet_assets.rb:27:in `call_with_quiet_assets'
  actionpack (4.2.3) lib/action_dispatch/middleware/request_id.rb:21:in `call'
  rack (1.6.4) lib/rack/methodoverride.rb:22:in `call'
  rack (1.6.4) lib/rack/runtime.rb:18:in `call'
  activesupport (4.2.3) lib/active_support/cache/strategy/local_cache_middleware.rb:28:in `call'
  rack (1.6.4) lib/rack/lock.rb:17:in `call'
  actionpack (4.2.3) lib/action_dispatch/middleware/static.rb:116:in `call'
  rack (1.6.4) lib/rack/sendfile.rb:113:in `call'
  railties (4.2.3) lib/rails/engine.rb:518:in `call'
  railties (4.2.3) lib/rails/application.rb:165:in `call'
  rack (1.6.4) lib/rack/lock.rb:17:in `call'
  rack (1.6.4) lib/rack/content_length.rb:15:in `call'
  rack (1.6.4) lib/rack/handler/webrick.rb:88:in `service'
  /home/sam/.rvm/rubies/ruby-2.2.0/lib/ruby/2.2.0/webrick/httpserver.rb:138:in `service'
  /home/sam/.rvm/rubies/ruby-2.2.0/lib/ruby/2.2.0/webrick/httpserver.rb:94:in `run'
  /home/sam/.rvm/rubies/ruby-2.2.0/lib/ruby/2.2.0/webrick/server.rb:294:in `block in start_thread'


  Rendered /home/sam/.rvm/gems/ruby-2.2.0@tcd-training/gems/actionpack-4.2.3/lib/action_dispatch/middleware/templates/rescues/_trace.html.erb (1.1ms)
  Rendered /home/sam/.rvm/gems/ruby-2.2.0@tcd-training/gems/actionpack-4.2.3/lib/action_dispatch/middleware/templates/routes/_route.html.erb (0.7ms)
  Rendered /home/sam/.rvm/gems/ruby-2.2.0@tcd-training/gems/actionpack-4.2.3/lib/action_dispatch/middleware/templates/routes/_table.html.erb (5.3ms)
  Rendered /home/sam/.rvm/gems/ruby-2.2.0@tcd-training/gems/actionpack-4.2.3/lib/action_dispatch/middleware/templates/rescues/_request_and_response.html.erb (11.1ms)
  Rendered /home/sam/.rvm/gems/ruby-2.2.0@tcd-training/gems/actionpack-4.2.3/lib/action_dispatch/middleware/templates/rescues/routing_error.html.erb within rescues/layout (54.3ms)
  Rendered /home/sam/.rvm/gems/ruby-2.2.0@tcd-training/gems/web-console-2.2.1/lib/web_console/templates/_markup.html.erb (0.4ms)
  Rendered /home/sam/.rvm/gems/ruby-2.2.0@tcd-training/gems/web-console-2.2.1/lib/web_console/templates/_inner_console_markup.html.erb within layouts/inlined_string (0.3ms)
  Rendered /home/sam/.rvm/gems/ruby-2.2.0@tcd-training/gems/web-console-2.2.1/lib/web_console/templates/_prompt_box_markup.html.erb within layouts/inlined_string (0.4ms)
  Rendered /home/sam/.rvm/gems/ruby-2.2.0@tcd-training/gems/web-console-2.2.1/lib/web_console/templates/style.css.erb within layouts/inlined_string (0.6ms)
  Rendered /home/sam/.rvm/gems/ruby-2.2.0@tcd-training/gems/web-console-2.2.1/lib/web_console/templates/console.js.erb within layouts/javascript (23.8ms)
  Rendered /home/sam/.rvm/gems/ruby-2.2.0@tcd-training/gems/web-console-2.2.1/lib/web_console/templates/main.js.erb within layouts/javascript (0.2ms)
  Rendered /home/sam/.rvm/gems/ruby-2.2.0@tcd-training/gems/web-console-2.2.1/lib/web_console/templates/error_page.js.erb within layouts/javascript (0.4ms)
  Rendered /home/sam/.rvm/gems/ruby-2.2.0@tcd-training/gems/web-console-2.2.1/lib/web_console/templates/index.html.erb (41.7ms)


Started GET "/" for 127.0.0.1 at 2015-08-02 00:42:04 -0700


Started GET "/" for 127.0.0.1 at 2015-08-02 00:49:24 -0700


Started GET "/" for 127.0.0.1 at 2015-08-02 01:07:31 -0700

ActionController::RoutingError - uninitialized constant AgentsController:
  actionpack (4.2.3) lib/action_dispatch/routing/route_set.rb:65:in `rescue in controller'
  actionpack (4.2.3) lib/action_dispatch/routing/route_set.rb:60:in `controller'
  actionpack (4.2.3) lib/action_dispatch/routing/route_set.rb:41:in `serve'
  actionpack (4.2.3) lib/action_dispatch/journey/router.rb:43:in `block in serve'
  actionpack (4.2.3) lib/action_dispatch/journey/router.rb:30:in `serve'
  actionpack (4.2.3) lib/action_dispatch/routing/route_set.rb:821:in `call'
  rack (1.6.4) lib/rack/etag.rb:24:in `call'
  rack (1.6.4) lib/rack/conditionalget.rb:25:in `call'
  rack (1.6.4) lib/rack/head.rb:13:in `call'
  actionpack (4.2.3) lib/action_dispatch/middleware/params_parser.rb:27:in `call'
  actionpack (4.2.3) lib/action_dispatch/middleware/flash.rb:260:in `call'
  rack (1.6.4) lib/rack/session/abstract/id.rb:225:in `context'
  rack (1.6.4) lib/rack/session/abstract/id.rb:220:in `call'
  actionpack (4.2.3) lib/action_dispatch/middleware/cookies.rb:560:in `call'
  activerecord (4.2.3) lib/active_record/query_cache.rb:36:in `call'
  activerecord (4.2.3) lib/active_record/connection_adapters/abstract/connection_pool.rb:653:in `call'
  activerecord (4.2.3) lib/active_record/migration.rb:377:in `call'
  actionpack (4.2.3) lib/action_dispatch/middleware/callbacks.rb:29:in `block in call'
  activesupport (4.2.3) lib/active_support/callbacks.rb:84:in `run_callbacks'
  actionpack (4.2.3) lib/action_dispatch/middleware/callbacks.rb:27:in `call'
  actionpack (4.2.3) lib/action_dispatch/middleware/reloader.rb:73:in `call'
  actionpack (4.2.3) lib/action_dispatch/middleware/remote_ip.rb:78:in `call'
  better_errors (2.1.1) lib/better_errors/middleware.rb:84:in `protected_app_call'
  better_errors (2.1.1) lib/better_errors/middleware.rb:79:in `better_errors_call'
  better_errors (2.1.1) lib/better_errors/middleware.rb:57:in `call'
  actionpack (4.2.3) lib/action_dispatch/middleware/debug_exceptions.rb:17:in `call'
  web-console (2.2.1) lib/web_console/middleware.rb:39:in `call'
  actionpack (4.2.3) lib/action_dispatch/middleware/show_exceptions.rb:30:in `call'
  railties (4.2.3) lib/rails/rack/logger.rb:38:in `call_app'
  railties (4.2.3) lib/rails/rack/logger.rb:20:in `block in call'
  activesupport (4.2.3) lib/active_support/tagged_logging.rb:68:in `block in tagged'
  activesupport (4.2.3) lib/active_support/tagged_logging.rb:26:in `tagged'
  activesupport (4.2.3) lib/active_support/tagged_logging.rb:68:in `tagged'
  railties (4.2.3) lib/rails/rack/logger.rb:20:in `call'
  quiet_assets (1.1.0) lib/quiet_assets.rb:27:in `call_with_quiet_assets'
  actionpack (4.2.3) lib/action_dispatch/middleware/request_id.rb:21:in `call'
  rack (1.6.4) lib/rack/methodoverride.rb:22:in `call'
  rack (1.6.4) lib/rack/runtime.rb:18:in `call'
  activesupport (4.2.3) lib/active_support/cache/strategy/local_cache_middleware.rb:28:in `call'
  rack (1.6.4) lib/rack/lock.rb:17:in `call'
  actionpack (4.2.3) lib/action_dispatch/middleware/static.rb:116:in `call'
  rack (1.6.4) lib/rack/sendfile.rb:113:in `call'
  railties (4.2.3) lib/rails/engine.rb:518:in `call'
  railties (4.2.3) lib/rails/application.rb:165:in `call'
  rack (1.6.4) lib/rack/lock.rb:17:in `call'
  rack (1.6.4) lib/rack/content_length.rb:15:in `call'
  rack (1.6.4) lib/rack/handler/webrick.rb:88:in `service'
  /home/sam/.rvm/rubies/ruby-2.2.0/lib/ruby/2.2.0/webrick/httpserver.rb:138:in `service'
  /home/sam/.rvm/rubies/ruby-2.2.0/lib/ruby/2.2.0/webrick/httpserver.rb:94:in `run'
  /home/sam/.rvm/rubies/ruby-2.2.0/lib/ruby/2.2.0/webrick/server.rb:294:in `block in start_thread'



Started POST "/__better_errors/022a3ae586fc5afc/variables" for 127.0.0.1 at 2015-08-02 01:07:31 -0700

NameError (wrong local variable name `#$!' for #<Binding:0x00000000a07300>):
  better_errors (2.1.1) lib/better_errors/stack_frame.rb:73:in `local_variable_get'
  better_errors (2.1.1) lib/better_errors/stack_frame.rb:73:in `block in local_variables'
  better_errors (2.1.1) lib/better_errors/stack_frame.rb:71:in `each'
  better_errors (2.1.1) lib/better_errors/stack_frame.rb:71:in `each_with_object'
  better_errors (2.1.1) lib/better_errors/stack_frame.rb:71:in `local_variables'
  (erubis:52:in `render'
  erubis (2.7.0) lib/erubis/evaluator.rb:65:in `eval'
  erubis (2.7.0) lib/erubis/evaluator.rb:65:in `result'
  better_errors (2.1.1) lib/better_errors/error_page.rb:30:in `render'
  better_errors (2.1.1) lib/better_errors/error_page.rb:37:in `do_variables'
  better_errors (2.1.1) lib/better_errors/middleware.rb:132:in `internal_call'
  better_errors (2.1.1) lib/better_errors/middleware.rb:75:in `better_errors_call'
  better_errors (2.1.1) lib/better_errors/middleware.rb:57:in `call'
  actionpack (4.2.3) lib/action_dispatch/middleware/debug_exceptions.rb:17:in `call'
  web-console (2.2.1) lib/web_console/middleware.rb:39:in `call'
  actionpack (4.2.3) lib/action_dispatch/middleware/show_exceptions.rb:30:in `call'
  railties (4.2.3) lib/rails/rack/logger.rb:38:in `call_app'
  railties (4.2.3) lib/rails/rack/logger.rb:20:in `block in call'
  activesupport (4.2.3) lib/active_support/tagged_logging.rb:68:in `block in tagged'
  activesupport (4.2.3) lib/active_support/tagged_logging.rb:26:in `tagged'
  activesupport (4.2.3) lib/active_support/tagged_logging.rb:68:in `tagged'
  railties (4.2.3) lib/rails/rack/logger.rb:20:in `call'
  quiet_assets (1.1.0) lib/quiet_assets.rb:27:in `call_with_quiet_assets'
  actionpack (4.2.3) lib/action_dispatch/middleware/request_id.rb:21:in `call'
  rack (1.6.4) lib/rack/methodoverride.rb:22:in `call'
  rack (1.6.4) lib/rack/runtime.rb:18:in `call'
  activesupport (4.2.3) lib/active_support/cache/strategy/local_cache_middleware.rb:28:in `call'
  rack (1.6.4) lib/rack/lock.rb:17:in `call'
  actionpack (4.2.3) lib/action_dispatch/middleware/static.rb:116:in `call'
  rack (1.6.4) lib/rack/sendfile.rb:113:in `call'
  railties (4.2.3) lib/rails/engine.rb:518:in `call'
  railties (4.2.3) lib/rails/application.rb:165:in `call'
  rack (1.6.4) lib/rack/lock.rb:17:in `call'
  rack (1.6.4) lib/rack/content_length.rb:15:in `call'
  rack (1.6.4) lib/rack/handler/webrick.rb:88:in `service'
  /home/sam/.rvm/rubies/ruby-2.2.0/lib/ruby/2.2.0/webrick/httpserver.rb:138:in `service'
  /home/sam/.rvm/rubies/ruby-2.2.0/lib/ruby/2.2.0/webrick/httpserver.rb:94:in `run'
  /home/sam/.rvm/rubies/ruby-2.2.0/lib/ruby/2.2.0/webrick/server.rb:294:in `block in start_thread'


  Rendered /home/sam/.rvm/gems/ruby-2.2.0@tcd-training/gems/actionpack-4.2.3/lib/action_dispatch/middleware/templates/rescues/_source.erb (2.1ms)
  Rendered /home/sam/.rvm/gems/ruby-2.2.0@tcd-training/gems/actionpack-4.2.3/lib/action_dispatch/middleware/templates/rescues/_trace.html.erb (1.2ms)
  Rendered /home/sam/.rvm/gems/ruby-2.2.0@tcd-training/gems/actionpack-4.2.3/lib/action_dispatch/middleware/templates/rescues/_request_and_response.html.erb (0.8ms)
  Rendered /home/sam/.rvm/gems/ruby-2.2.0@tcd-training/gems/actionpack-4.2.3/lib/action_dispatch/middleware/templates/rescues/diagnostics.html.erb within rescues/layout (23.8ms)
Cannot render console with content type application/jsonAllowed content types: [#<Mime::Type:0x000000020f5378 @synonyms=["application/xhtml+xml"], @symbol=:html, @string="text/html">, #<Mime::Type:0x000000020f4fe0 @synonyms=[], @symbol=:text, @string="text/plain">, #<Mime::Type:0x000000020f1fe8 @synonyms=[], @symbol=:url_encoded_form, @string="application/x-www-form-urlencoded">]


Started GET "/" for 127.0.0.1 at 2015-08-02 01:53:14 -0700

ActionController::RoutingError - uninitialized constant AgentsController:
  actionpack (4.2.3) lib/action_dispatch/routing/route_set.rb:65:in `rescue in controller'
  actionpack (4.2.3) lib/action_dispatch/routing/route_set.rb:60:in `controller'
  actionpack (4.2.3) lib/action_dispatch/routing/route_set.rb:41:in `serve'
  actionpack (4.2.3) lib/action_dispatch/journey/router.rb:43:in `block in serve'
  actionpack (4.2.3) lib/action_dispatch/journey/router.rb:30:in `serve'
  actionpack (4.2.3) lib/action_dispatch/routing/route_set.rb:821:in `call'
  rack (1.6.4) lib/rack/etag.rb:24:in `call'
  rack (1.6.4) lib/rack/conditionalget.rb:25:in `call'
  rack (1.6.4) lib/rack/head.rb:13:in `call'
  actionpack (4.2.3) lib/action_dispatch/middleware/params_parser.rb:27:in `call'
  actionpack (4.2.3) lib/action_dispatch/middleware/flash.rb:260:in `call'
  rack (1.6.4) lib/rack/session/abstract/id.rb:225:in `context'
  rack (1.6.4) lib/rack/session/abstract/id.rb:220:in `call'
  actionpack (4.2.3) lib/action_dispatch/middleware/cookies.rb:560:in `call'
  activerecord (4.2.3) lib/active_record/query_cache.rb:36:in `call'
  activerecord (4.2.3) lib/active_record/connection_adapters/abstract/connection_pool.rb:653:in `call'
  activerecord (4.2.3) lib/active_record/migration.rb:377:in `call'
  actionpack (4.2.3) lib/action_dispatch/middleware/callbacks.rb:29:in `block in call'
  activesupport (4.2.3) lib/active_support/callbacks.rb:84:in `run_callbacks'
  actionpack (4.2.3) lib/action_dispatch/middleware/callbacks.rb:27:in `call'
  actionpack (4.2.3) lib/action_dispatch/middleware/reloader.rb:73:in `call'
  actionpack (4.2.3) lib/action_dispatch/middleware/remote_ip.rb:78:in `call'
  better_errors (2.1.1) lib/better_errors/middleware.rb:84:in `protected_app_call'
  better_errors (2.1.1) lib/better_errors/middleware.rb:79:in `better_errors_call'
  better_errors (2.1.1) lib/better_errors/middleware.rb:57:in `call'
  actionpack (4.2.3) lib/action_dispatch/middleware/debug_exceptions.rb:17:in `call'
  web-console (2.2.1) lib/web_console/middleware.rb:39:in `call'
  actionpack (4.2.3) lib/action_dispatch/middleware/show_exceptions.rb:30:in `call'
  railties (4.2.3) lib/rails/rack/logger.rb:38:in `call_app'
  railties (4.2.3) lib/rails/rack/logger.rb:20:in `block in call'
  activesupport (4.2.3) lib/active_support/tagged_logging.rb:68:in `block in tagged'
  activesupport (4.2.3) lib/active_support/tagged_logging.rb:26:in `tagged'
  activesupport (4.2.3) lib/active_support/tagged_logging.rb:68:in `tagged'
  railties (4.2.3) lib/rails/rack/logger.rb:20:in `call'
  quiet_assets (1.1.0) lib/quiet_assets.rb:27:in `call_with_quiet_assets'
  actionpack (4.2.3) lib/action_dispatch/middleware/request_id.rb:21:in `call'
  rack (1.6.4) lib/rack/methodoverride.rb:22:in `call'
  rack (1.6.4) lib/rack/runtime.rb:18:in `call'
  activesupport (4.2.3) lib/active_support/cache/strategy/local_cache_middleware.rb:28:in `call'
  rack (1.6.4) lib/rack/lock.rb:17:in `call'
  actionpack (4.2.3) lib/action_dispatch/middleware/static.rb:116:in `call'
  rack (1.6.4) lib/rack/sendfile.rb:113:in `call'
  railties (4.2.3) lib/rails/engine.rb:518:in `call'
  railties (4.2.3) lib/rails/application.rb:165:in `call'
  rack (1.6.4) lib/rack/lock.rb:17:in `call'
  rack (1.6.4) lib/rack/content_length.rb:15:in `call'
  rack (1.6.4) lib/rack/handler/webrick.rb:88:in `service'
  /home/sam/.rvm/rubies/ruby-2.2.0/lib/ruby/2.2.0/webrick/httpserver.rb:138:in `service'
  /home/sam/.rvm/rubies/ruby-2.2.0/lib/ruby/2.2.0/webrick/httpserver.rb:94:in `run'
  /home/sam/.rvm/rubies/ruby-2.2.0/lib/ruby/2.2.0/webrick/server.rb:294:in `block in start_thread'



Started POST "/__better_errors/fb75659f82b01c92/variables" for 127.0.0.1 at 2015-08-02 01:53:14 -0700

NameError (wrong local variable name `#$!' for #<Binding:0x00000003f9b3e0>):
  better_errors (2.1.1) lib/better_errors/stack_frame.rb:73:in `local_variable_get'
  better_errors (2.1.1) lib/better_errors/stack_frame.rb:73:in `block in local_variables'
  better_errors (2.1.1) lib/better_errors/stack_frame.rb:71:in `each'
  better_errors (2.1.1) lib/better_errors/stack_frame.rb:71:in `each_with_object'
  better_errors (2.1.1) lib/better_errors/stack_frame.rb:71:in `local_variables'
  (erubis:52:in `render'
  erubis (2.7.0) lib/erubis/evaluator.rb:65:in `eval'
  erubis (2.7.0) lib/erubis/evaluator.rb:65:in `result'
  better_errors (2.1.1) lib/better_errors/error_page.rb:30:in `render'
  better_errors (2.1.1) lib/better_errors/error_page.rb:37:in `do_variables'
  better_errors (2.1.1) lib/better_errors/middleware.rb:132:in `internal_call'
  better_errors (2.1.1) lib/better_errors/middleware.rb:75:in `better_errors_call'
  better_errors (2.1.1) lib/better_errors/middleware.rb:57:in `call'
  actionpack (4.2.3) lib/action_dispatch/middleware/debug_exceptions.rb:17:in `call'
  web-console (2.2.1) lib/web_console/middleware.rb:39:in `call'
  actionpack (4.2.3) lib/action_dispatch/middleware/show_exceptions.rb:30:in `call'
  railties (4.2.3) lib/rails/rack/logger.rb:38:in `call_app'
  railties (4.2.3) lib/rails/rack/logger.rb:20:in `block in call'
  activesupport (4.2.3) lib/active_support/tagged_logging.rb:68:in `block in tagged'
  activesupport (4.2.3) lib/active_support/tagged_logging.rb:26:in `tagged'
  activesupport (4.2.3) lib/active_support/tagged_logging.rb:68:in `tagged'
  railties (4.2.3) lib/rails/rack/logger.rb:20:in `call'
  quiet_assets (1.1.0) lib/quiet_assets.rb:27:in `call_with_quiet_assets'
  actionpack (4.2.3) lib/action_dispatch/middleware/request_id.rb:21:in `call'
  rack (1.6.4) lib/rack/methodoverride.rb:22:in `call'
  rack (1.6.4) lib/rack/runtime.rb:18:in `call'
  activesupport (4.2.3) lib/active_support/cache/strategy/local_cache_middleware.rb:28:in `call'
  rack (1.6.4) lib/rack/lock.rb:17:in `call'
  actionpack (4.2.3) lib/action_dispatch/middleware/static.rb:116:in `call'
  rack (1.6.4) lib/rack/sendfile.rb:113:in `call'
  railties (4.2.3) lib/rails/engine.rb:518:in `call'
  railties (4.2.3) lib/rails/application.rb:165:in `call'
  rack (1.6.4) lib/rack/lock.rb:17:in `call'
  rack (1.6.4) lib/rack/content_length.rb:15:in `call'
  rack (1.6.4) lib/rack/handler/webrick.rb:88:in `service'
  /home/sam/.rvm/rubies/ruby-2.2.0/lib/ruby/2.2.0/webrick/httpserver.rb:138:in `service'
  /home/sam/.rvm/rubies/ruby-2.2.0/lib/ruby/2.2.0/webrick/httpserver.rb:94:in `run'
  /home/sam/.rvm/rubies/ruby-2.2.0/lib/ruby/2.2.0/webrick/server.rb:294:in `block in start_thread'


  Rendered /home/sam/.rvm/gems/ruby-2.2.0@tcd-training/gems/actionpack-4.2.3/lib/action_dispatch/middleware/templates/rescues/_source.erb (2.7ms)
  Rendered /home/sam/.rvm/gems/ruby-2.2.0@tcd-training/gems/actionpack-4.2.3/lib/action_dispatch/middleware/templates/rescues/_trace.html.erb (1.6ms)
  Rendered /home/sam/.rvm/gems/ruby-2.2.0@tcd-training/gems/actionpack-4.2.3/lib/action_dispatch/middleware/templates/rescues/_request_and_response.html.erb (1.3ms)
  Rendered /home/sam/.rvm/gems/ruby-2.2.0@tcd-training/gems/actionpack-4.2.3/lib/action_dispatch/middleware/templates/rescues/diagnostics.html.erb within rescues/layout (17.6ms)
Cannot render console with content type application/jsonAllowed content types: [#<Mime::Type:0x000000020f5378 @synonyms=["application/xhtml+xml"], @symbol=:html, @string="text/html">, #<Mime::Type:0x000000020f4fe0 @synonyms=[], @symbol=:text, @string="text/plain">, #<Mime::Type:0x000000020f1fe8 @synonyms=[], @symbol=:url_encoded_form, @string="application/x-www-form-urlencoded">]


Started GET "/" for 127.0.0.1 at 2015-08-02 01:53:31 -0700

ActionController::RoutingError - uninitialized constant VisitorsController:
  actionpack (4.2.3) lib/action_dispatch/routing/route_set.rb:65:in `rescue in controller'
  actionpack (4.2.3) lib/action_dispatch/routing/route_set.rb:60:in `controller'
  actionpack (4.2.3) lib/action_dispatch/routing/route_set.rb:41:in `serve'
  actionpack (4.2.3) lib/action_dispatch/journey/router.rb:43:in `block in serve'
  actionpack (4.2.3) lib/action_dispatch/journey/router.rb:30:in `serve'
  actionpack (4.2.3) lib/action_dispatch/routing/route_set.rb:821:in `call'
  rack (1.6.4) lib/rack/etag.rb:24:in `call'
  rack (1.6.4) lib/rack/conditionalget.rb:25:in `call'
  rack (1.6.4) lib/rack/head.rb:13:in `call'
  actionpack (4.2.3) lib/action_dispatch/middleware/params_parser.rb:27:in `call'
  actionpack (4.2.3) lib/action_dispatch/middleware/flash.rb:260:in `call'
  rack (1.6.4) lib/rack/session/abstract/id.rb:225:in `context'
  rack (1.6.4) lib/rack/session/abstract/id.rb:220:in `call'
  actionpack (4.2.3) lib/action_dispatch/middleware/cookies.rb:560:in `call'
  activerecord (4.2.3) lib/active_record/query_cache.rb:36:in `call'
  activerecord (4.2.3) lib/active_record/connection_adapters/abstract/connection_pool.rb:653:in `call'
  activerecord (4.2.3) lib/active_record/migration.rb:377:in `call'
  actionpack (4.2.3) lib/action_dispatch/middleware/callbacks.rb:29:in `block in call'
  activesupport (4.2.3) lib/active_support/callbacks.rb:84:in `run_callbacks'
  actionpack (4.2.3) lib/action_dispatch/middleware/callbacks.rb:27:in `call'
  actionpack (4.2.3) lib/action_dispatch/middleware/reloader.rb:73:in `call'
  actionpack (4.2.3) lib/action_dispatch/middleware/remote_ip.rb:78:in `call'
  better_errors (2.1.1) lib/better_errors/middleware.rb:84:in `protected_app_call'
  better_errors (2.1.1) lib/better_errors/middleware.rb:79:in `better_errors_call'
  better_errors (2.1.1) lib/better_errors/middleware.rb:57:in `call'
  actionpack (4.2.3) lib/action_dispatch/middleware/debug_exceptions.rb:17:in `call'
  web-console (2.2.1) lib/web_console/middleware.rb:39:in `call'
  actionpack (4.2.3) lib/action_dispatch/middleware/show_exceptions.rb:30:in `call'
  railties (4.2.3) lib/rails/rack/logger.rb:38:in `call_app'
  railties (4.2.3) lib/rails/rack/logger.rb:20:in `block in call'
  activesupport (4.2.3) lib/active_support/tagged_logging.rb:68:in `block in tagged'
  activesupport (4.2.3) lib/active_support/tagged_logging.rb:26:in `tagged'
  activesupport (4.2.3) lib/active_support/tagged_logging.rb:68:in `tagged'
  railties (4.2.3) lib/rails/rack/logger.rb:20:in `call'
  quiet_assets (1.1.0) lib/quiet_assets.rb:27:in `call_with_quiet_assets'
  actionpack (4.2.3) lib/action_dispatch/middleware/request_id.rb:21:in `call'
  rack (1.6.4) lib/rack/methodoverride.rb:22:in `call'
  rack (1.6.4) lib/rack/runtime.rb:18:in `call'
  activesupport (4.2.3) lib/active_support/cache/strategy/local_cache_middleware.rb:28:in `call'
  rack (1.6.4) lib/rack/lock.rb:17:in `call'
  actionpack (4.2.3) lib/action_dispatch/middleware/static.rb:116:in `call'
  rack (1.6.4) lib/rack/sendfile.rb:113:in `call'
  railties (4.2.3) lib/rails/engine.rb:518:in `call'
  railties (4.2.3) lib/rails/application.rb:165:in `call'
  rack (1.6.4) lib/rack/lock.rb:17:in `call'
  rack (1.6.4) lib/rack/content_length.rb:15:in `call'
  rack (1.6.4) lib/rack/handler/webrick.rb:88:in `service'
  /home/sam/.rvm/rubies/ruby-2.2.0/lib/ruby/2.2.0/webrick/httpserver.rb:138:in `service'
  /home/sam/.rvm/rubies/ruby-2.2.0/lib/ruby/2.2.0/webrick/httpserver.rb:94:in `run'
  /home/sam/.rvm/rubies/ruby-2.2.0/lib/ruby/2.2.0/webrick/server.rb:294:in `block in start_thread'



Started POST "/__better_errors/17e28307b260f32b/variables" for 127.0.0.1 at 2015-08-02 01:53:31 -0700

NameError (wrong local variable name `#$!' for #<Binding:0x00000003c48fa8>):
  better_errors (2.1.1) lib/better_errors/stack_frame.rb:73:in `local_variable_get'
  better_errors (2.1.1) lib/better_errors/stack_frame.rb:73:in `block in local_variables'
  better_errors (2.1.1) lib/better_errors/stack_frame.rb:71:in `each'
  better_errors (2.1.1) lib/better_errors/stack_frame.rb:71:in `each_with_object'
  better_errors (2.1.1) lib/better_errors/stack_frame.rb:71:in `local_variables'
  (erubis:52:in `render'
  erubis (2.7.0) lib/erubis/evaluator.rb:65:in `eval'
  erubis (2.7.0) lib/erubis/evaluator.rb:65:in `result'
  better_errors (2.1.1) lib/better_errors/error_page.rb:30:in `render'
  better_errors (2.1.1) lib/better_errors/error_page.rb:37:in `do_variables'
  better_errors (2.1.1) lib/better_errors/middleware.rb:132:in `internal_call'
  better_errors (2.1.1) lib/better_errors/middleware.rb:75:in `better_errors_call'
  better_errors (2.1.1) lib/better_errors/middleware.rb:57:in `call'
  actionpack (4.2.3) lib/action_dispatch/middleware/debug_exceptions.rb:17:in `call'
  web-console (2.2.1) lib/web_console/middleware.rb:39:in `call'
  actionpack (4.2.3) lib/action_dispatch/middleware/show_exceptions.rb:30:in `call'
  railties (4.2.3) lib/rails/rack/logger.rb:38:in `call_app'
  railties (4.2.3) lib/rails/rack/logger.rb:20:in `block in call'
  activesupport (4.2.3) lib/active_support/tagged_logging.rb:68:in `block in tagged'
  activesupport (4.2.3) lib/active_support/tagged_logging.rb:26:in `tagged'
  activesupport (4.2.3) lib/active_support/tagged_logging.rb:68:in `tagged'
  railties (4.2.3) lib/rails/rack/logger.rb:20:in `call'
  quiet_assets (1.1.0) lib/quiet_assets.rb:27:in `call_with_quiet_assets'
  actionpack (4.2.3) lib/action_dispatch/middleware/request_id.rb:21:in `call'
  rack (1.6.4) lib/rack/methodoverride.rb:22:in `call'
  rack (1.6.4) lib/rack/runtime.rb:18:in `call'
  activesupport (4.2.3) lib/active_support/cache/strategy/local_cache_middleware.rb:28:in `call'
  rack (1.6.4) lib/rack/lock.rb:17:in `call'
  actionpack (4.2.3) lib/action_dispatch/middleware/static.rb:116:in `call'
  rack (1.6.4) lib/rack/sendfile.rb:113:in `call'
  railties (4.2.3) lib/rails/engine.rb:518:in `call'
  railties (4.2.3) lib/rails/application.rb:165:in `call'
  rack (1.6.4) lib/rack/lock.rb:17:in `call'
  rack (1.6.4) lib/rack/content_length.rb:15:in `call'
  rack (1.6.4) lib/rack/handler/webrick.rb:88:in `service'
  /home/sam/.rvm/rubies/ruby-2.2.0/lib/ruby/2.2.0/webrick/httpserver.rb:138:in `service'
  /home/sam/.rvm/rubies/ruby-2.2.0/lib/ruby/2.2.0/webrick/httpserver.rb:94:in `run'
  /home/sam/.rvm/rubies/ruby-2.2.0/lib/ruby/2.2.0/webrick/server.rb:294:in `block in start_thread'


  Rendered /home/sam/.rvm/gems/ruby-2.2.0@tcd-training/gems/actionpack-4.2.3/lib/action_dispatch/middleware/templates/rescues/_source.erb (2.2ms)
  Rendered /home/sam/.rvm/gems/ruby-2.2.0@tcd-training/gems/actionpack-4.2.3/lib/action_dispatch/middleware/templates/rescues/_trace.html.erb (1.4ms)
  Rendered /home/sam/.rvm/gems/ruby-2.2.0@tcd-training/gems/actionpack-4.2.3/lib/action_dispatch/middleware/templates/rescues/_request_and_response.html.erb (1.0ms)
  Rendered /home/sam/.rvm/gems/ruby-2.2.0@tcd-training/gems/actionpack-4.2.3/lib/action_dispatch/middleware/templates/rescues/diagnostics.html.erb within rescues/layout (16.7ms)
Cannot render console with content type application/jsonAllowed content types: [#<Mime::Type:0x000000020f5378 @synonyms=["application/xhtml+xml"], @symbol=:html, @string="text/html">, #<Mime::Type:0x000000020f4fe0 @synonyms=[], @symbol=:text, @string="text/plain">, #<Mime::Type:0x000000020f1fe8 @synonyms=[], @symbol=:url_encoded_form, @string="application/x-www-form-urlencoded">]


Started GET "/" for 127.0.0.1 at 2015-08-02 02:02:30 -0700
Processing by VisitorsController#new as HTML
  Rendered visitors/new.html.erb within layouts/application (1.8ms)
Completed 200 OK in 729ms (Views: 728.1ms | ActiveRecord: 0.0ms)


Started GET "/" for 127.0.0.1 at 2015-08-04 01:52:29 -0700
Processing by VisitorsController#new as HTML
  Rendered visitors/new.html.erb within layouts/application (2.0ms)
Completed 200 OK in 156ms (Views: 147.1ms | ActiveRecord: 0.0ms)


Started GET "/" for 127.0.0.1 at 2015-08-04 02:56:01 -0700
Processing by VisitorsController#new as HTML
  Rendered visitors/new.html.erb within layouts/application (0.3ms)
  Rendered layouts/_navigation_links.html.erb (0.5ms)
  Rendered layouts/_navigation.html.erb (2.2ms)
  Rendered layouts/_messages.html.erb (1.1ms)
Completed 200 OK in 197ms (Views: 194.1ms | ActiveRecord: 0.0ms)


Started GET "/" for 127.0.0.1 at 2015-08-04 03:22:48 -0700
Processing by VisitorsController#new as HTML
  Rendered visitors/new.html.erb within layouts/application (0.1ms)
  Rendered layouts/_navigation_links.html.erb (0.0ms)
  Rendered layouts/_navigation.html.erb (0.8ms)
  Rendered layouts/_messages.html.erb (1.1ms)
Completed 200 OK in 40ms (Views: 37.9ms | ActiveRecord: 0.0ms)


Started GET "/" for 127.0.0.1 at 2015-08-04 03:23:37 -0700
Processing by VisitorsController#new as HTML
  Rendered visitors/new.html.erb within layouts/application (0.3ms)
  Rendered layouts/_navigation_links.html.erb (0.0ms)
  Rendered layouts/_navigation.html.erb (0.7ms)
  Rendered layouts/_messages.html.erb (0.1ms)
Completed 200 OK in 22ms (Views: 20.5ms | ActiveRecord: 0.0ms)


Started GET "/" for 127.0.0.1 at 2015-08-04 03:23:47 -0700
Processing by VisitorsController#new as HTML
  Rendered visitors/new.html.erb within layouts/application (0.1ms)
  Rendered layouts/_navigation_links.html.erb (0.0ms)
  Rendered layouts/_navigation.html.erb (2.6ms)
  Rendered layouts/_messages.html.erb (0.1ms)
Completed 200 OK in 27ms (Views: 26.6ms | ActiveRecord: 0.0ms)


Started GET "/" for 127.0.0.1 at 2015-08-04 04:13:33 -0700
Processing by VisitorsController#new as HTML
  Rendered visitors/new.html.erb within layouts/application (0.5ms)
  Rendered layouts/_navigation_links.html.erb (0.1ms)
  Rendered layouts/_navigation.html.erb (2.0ms)
  Rendered layouts/_messages.html.erb (0.4ms)
Completed 200 OK in 4618ms (Views: 4617.0ms | ActiveRecord: 0.0ms)


Started GET "/" for 127.0.0.1 at 2015-08-05 10:27:43 -0700
Processing by VisitorsController#new as HTML
  Rendered visitors/new.html.erb within layouts/application (0.6ms)
  Rendered layouts/_navigation_links.html.erb (0.0ms)
  Rendered layouts/_navigation.html.erb (1.6ms)
  Rendered layouts/_messages.html.erb (0.2ms)
Completed 200 OK in 407ms (Views: 401.6ms | ActiveRecord: 0.0ms)


Started GET "/pages/about" for 127.0.0.1 at 2015-08-05 10:27:50 -0700
Processing by HighVoltage::PagesController#show as HTML
  Parameters: {"id"=>"about"}
  Rendered pages/about.html.erb within layouts/application (0.7ms)
  Rendered layouts/_navigation_links.html.erb (0.0ms)
  Rendered layouts/_navigation.html.erb (0.6ms)
  Rendered layouts/_messages.html.erb (0.1ms)
Completed 200 OK in 70ms (Views: 69.9ms | ActiveRecord: 0.0ms)


Started GET "/pages/about" for 127.0.0.1 at 2015-08-05 10:35:08 -0700
Processing by HighVoltage::PagesController#show as HTML
  Parameters: {"id"=>"about"}
  Rendered pages/about.html.erb within layouts/application (0.1ms)
  Rendered layouts/_navigation_links.html.erb (1.0ms)
  Rendered layouts/_navigation.html.erb (1.7ms)
  Rendered layouts/_messages.html.erb (0.1ms)
Completed 200 OK in 76ms (Views: 75.2ms | ActiveRecord: 0.0ms)


Started GET "/pages/about" for 127.0.0.1 at 2015-08-05 10:35:10 -0700
Processing by HighVoltage::PagesController#show as HTML
  Parameters: {"id"=>"about"}
  Rendered pages/about.html.erb within layouts/application (0.3ms)
  Rendered layouts/_navigation_links.html.erb (0.5ms)
  Rendered layouts/_navigation.html.erb (1.5ms)
  Rendered layouts/_messages.html.erb (0.4ms)
Completed 200 OK in 74ms (Views: 74.0ms | ActiveRecord: 0.0ms)


Started GET "/pages/contact" for 127.0.0.1 at 2015-08-05 10:35:11 -0700
Processing by HighVoltage::PagesController#show as HTML
  Parameters: {"id"=>"contact"}
  Rendered pages/contact.html.erb within layouts/application (0.6ms)
  Rendered layouts/_navigation_links.html.erb (0.2ms)
  Rendered layouts/_navigation.html.erb (0.8ms)
  Rendered layouts/_messages.html.erb (0.1ms)
Completed 200 OK in 64ms (Views: 63.2ms | ActiveRecord: 0.0ms)


Started GET "/pages/about" for 127.0.0.1 at 2015-08-05 10:35:13 -0700
Processing by HighVoltage::PagesController#show as HTML
  Parameters: {"id"=>"about"}
  Rendered pages/about.html.erb within layouts/application (0.1ms)
  Rendered layouts/_navigation_links.html.erb (0.2ms)
  Rendered layouts/_navigation.html.erb (0.8ms)
  Rendered layouts/_messages.html.erb (0.0ms)
Completed 200 OK in 73ms (Views: 72.9ms | ActiveRecord: 0.0ms)


Started GET "/" for 127.0.0.1 at 2015-08-05 10:35:13 -0700
Processing by VisitorsController#new as HTML
  Rendered visitors/new.html.erb within layouts/application (0.4ms)
  Rendered layouts/_navigation_links.html.erb (0.2ms)
  Rendered layouts/_navigation.html.erb (0.9ms)
  Rendered layouts/_messages.html.erb (0.1ms)
Completed 200 OK in 67ms (Views: 66.8ms | ActiveRecord: 0.0ms)


Started GET "/pages/about" for 127.0.0.1 at 2015-08-05 10:35:15 -0700
Processing by HighVoltage::PagesController#show as HTML
  Parameters: {"id"=>"about"}
  Rendered pages/about.html.erb within layouts/application (0.1ms)
  Rendered layouts/_navigation_links.html.erb (0.2ms)
  Rendered layouts/_navigation.html.erb (0.9ms)
  Rendered layouts/_messages.html.erb (0.1ms)
Completed 200 OK in 88ms (Views: 87.4ms | ActiveRecord: 0.0ms)


Started GET "/pages/contact" for 127.0.0.1 at 2015-08-05 10:35:15 -0700
Processing by HighVoltage::PagesController#show as HTML
  Parameters: {"id"=>"contact"}
  Rendered pages/contact.html.erb within layouts/application (0.1ms)
  Rendered layouts/_navigation_links.html.erb (0.2ms)
  Rendered layouts/_navigation.html.erb (1.1ms)
  Rendered layouts/_messages.html.erb (0.1ms)
Completed 200 OK in 79ms (Views: 78.7ms | ActiveRecord: 0.0ms)


Started GET "/pages/about" for 127.0.0.1 at 2015-08-05 10:36:07 -0700
Processing by HighVoltage::PagesController#show as HTML
  Parameters: {"id"=>"about"}
  Rendered pages/about.html.erb within layouts/application (0.1ms)
  Rendered layouts/_navigation_links.html.erb (0.3ms)
  Rendered layouts/_navigation.html.erb (1.0ms)
  Rendered layouts/_messages.html.erb (0.0ms)
Completed 200 OK in 78ms (Views: 77.4ms | ActiveRecord: 0.0ms)


Started GET "/pages/contact" for 127.0.0.1 at 2015-08-05 10:49:40 -0700
Processing by HighVoltage::PagesController#show as HTML
  Parameters: {"id"=>"contact"}
  Rendered pages/contact.html.erb within layouts/application (0.2ms)
  Rendered layouts/_navigation_links.html.erb (0.3ms)
  Rendered layouts/_navigation.html.erb (1.1ms)
  Rendered layouts/_messages.html.erb (0.2ms)
Completed 200 OK in 91ms (Views: 90.2ms | ActiveRecord: 0.0ms)


Started GET "/pages/contact" for 127.0.0.1 at 2015-08-09 16:11:35 -0700
Processing by HighVoltage::PagesController#show as HTML
  Parameters: {"id"=>"contact"}
  Rendered pages/contact.html.erb within layouts/application (557.0ms)
  Rendered layouts/_navigation_links.html.erb (2.8ms)
  Rendered layouts/_navigation.html.erb (6.3ms)
  Rendered layouts/_messages.html.erb (1.2ms)
Completed 200 OK in 919ms (Views: 900.8ms | ActiveRecord: 0.0ms)


Started POST "/contact" for 127.0.0.1 at 2015-08-10 00:11:16 -0700
Processing by ContactsController#process_form as HTML
  Parameters: {"utf8"=>"✓", "authenticity_token"=>"aBBWLz4N25Ait1oz92yjz1bhqT+AdoSESbPT7IT4Sq76I/E2dfK+UjIuXKRXscS2mETOgPc8SUWknWG/4j7uzQ==", "contact"=>{"name"=>"Sam", "email"=>"freeforme82@gmail.com", "content"=>"I'm a real boy!"}, "commit"=>"Submit"}
DEBUG: params are {"utf8"=>"✓", "authenticity_token"=>"aBBWLz4N25Ait1oz92yjz1bhqT+AdoSESbPT7IT4Sq76I/E2dfK+UjIuXKRXscS2mETOgPc8SUWknWG/4j7uzQ==", "contact"=>{"name"=>"Sam", "email"=>"freeforme82@gmail.com", "content"=>"I'm a real boy!"}, "commit"=>"Submit", "controller"=>"contacts", "action"=>"process_form"}
Redirected to http://localhost:3000/
Completed 302 Found in 5ms (ActiveRecord: 0.0ms)


Started GET "/" for 127.0.0.1 at 2015-08-10 00:11:16 -0700
Processing by VisitorsController#new as HTML
  Rendered visitors/new.html.erb within layouts/application (1.4ms)
  Rendered layouts/_navigation_links.html.erb (0.4ms)
  Rendered layouts/_navigation.html.erb (2.6ms)
  Rendered layouts/_messages.html.erb (0.2ms)
Completed 200 OK in 293ms (Views: 288.4ms | ActiveRecord: 0.0ms)


Started GET "/pages/about" for 127.0.0.1 at 2015-08-16 10:16:59 -0700
Processing by HighVoltage::PagesController#show as HTML
  Parameters: {"id"=>"about"}
  Rendered pages/about.html.erb within layouts/application (1.3ms)
  Rendered layouts/_navigation_links.html.erb (1.1ms)
  Rendered layouts/_navigation.html.erb (2.9ms)
  Rendered layouts/_messages.html.erb (0.4ms)
Completed 200 OK in 307ms (Views: 300.3ms | ActiveRecord: 0.0ms)


Started GET "/pages/contact" for 127.0.0.1 at 2015-08-16 10:17:01 -0700
Processing by HighVoltage::PagesController#show as HTML
  Parameters: {"id"=>"contact"}
Completed 404 Not Found in 4ms (ActiveRecord: 0.0ms)

ActionController::RoutingError - No such page: contact:
  high_voltage (2.4.0) app/controllers/concerns/high_voltage/static_page.rb:46:in `invalid_page'
  high_voltage (2.4.0) app/controllers/concerns/high_voltage/static_page.rb:9:in `block (2 levels) in <module:StaticPage>'
  activesupport (4.2.3) lib/active_support/rescuable.rb:114:in `block in handler_for_rescue'
  activesupport (4.2.3) lib/active_support/rescuable.rb:80:in `rescue_with_handler'
  actionpack (4.2.3) lib/action_controller/metal/rescue.rb:15:in `rescue_with_handler'
  actionpack (4.2.3) lib/action_controller/metal/rescue.rb:32:in `rescue in process_action'
  actionpack (4.2.3) lib/action_controller/metal/rescue.rb:29:in `process_action'
  actionpack (4.2.3) lib/action_controller/metal/instrumentation.rb:32:in `block in process_action'
  activesupport (4.2.3) lib/active_support/notifications.rb:164:in `block in instrument'
  activesupport (4.2.3) lib/active_support/notifications/instrumenter.rb:20:in `instrument'
  activesupport (4.2.3) lib/active_support/notifications.rb:164:in `instrument'
  actionpack (4.2.3) lib/action_controller/metal/instrumentation.rb:30:in `process_action'
  actionpack (4.2.3) lib/action_controller/metal/params_wrapper.rb:250:in `process_action'
  activerecord (4.2.3) lib/active_record/railties/controller_runtime.rb:18:in `process_action'
  actionpack (4.2.3) lib/abstract_controller/base.rb:137:in `process'
  actionview (4.2.3) lib/action_view/rendering.rb:30:in `process'
  actionpack (4.2.3) lib/action_controller/metal.rb:196:in `dispatch'
  actionpack (4.2.3) lib/action_controller/metal/rack_delegation.rb:13:in `dispatch'
  actionpack (4.2.3) lib/action_controller/metal.rb:237:in `block in action'
  actionpack (4.2.3) lib/action_dispatch/routing/route_set.rb:76:in `dispatch'
  actionpack (4.2.3) lib/action_dispatch/routing/route_set.rb:45:in `serve'
  actionpack (4.2.3) lib/action_dispatch/journey/router.rb:43:in `block in serve'
  actionpack (4.2.3) lib/action_dispatch/journey/router.rb:30:in `serve'
  actionpack (4.2.3) lib/action_dispatch/routing/route_set.rb:821:in `call'
  rack (1.6.4) lib/rack/etag.rb:24:in `call'
  rack (1.6.4) lib/rack/conditionalget.rb:25:in `call'
  rack (1.6.4) lib/rack/head.rb:13:in `call'
  actionpack (4.2.3) lib/action_dispatch/middleware/params_parser.rb:27:in `call'
  actionpack (4.2.3) lib/action_dispatch/middleware/flash.rb:260:in `call'
  rack (1.6.4) lib/rack/session/abstract/id.rb:225:in `context'
  rack (1.6.4) lib/rack/session/abstract/id.rb:220:in `call'
  actionpack (4.2.3) lib/action_dispatch/middleware/cookies.rb:560:in `call'
  activerecord (4.2.3) lib/active_record/query_cache.rb:36:in `call'
  activerecord (4.2.3) lib/active_record/connection_adapters/abstract/connection_pool.rb:653:in `call'
  activerecord (4.2.3) lib/active_record/migration.rb:377:in `call'
  actionpack (4.2.3) lib/action_dispatch/middleware/callbacks.rb:29:in `block in call'
  activesupport (4.2.3) lib/active_support/callbacks.rb:84:in `run_callbacks'
  actionpack (4.2.3) lib/action_dispatch/middleware/callbacks.rb:27:in `call'
  actionpack (4.2.3) lib/action_dispatch/middleware/reloader.rb:73:in `call'
  actionpack (4.2.3) lib/action_dispatch/middleware/remote_ip.rb:78:in `call'
  better_errors (2.1.1) lib/better_errors/middleware.rb:84:in `protected_app_call'
  better_errors (2.1.1) lib/better_errors/middleware.rb:79:in `better_errors_call'
  better_errors (2.1.1) lib/better_errors/middleware.rb:57:in `call'
  actionpack (4.2.3) lib/action_dispatch/middleware/debug_exceptions.rb:17:in `call'
  web-console (2.2.1) lib/web_console/middleware.rb:39:in `call'
  actionpack (4.2.3) lib/action_dispatch/middleware/show_exceptions.rb:30:in `call'
  railties (4.2.3) lib/rails/rack/logger.rb:38:in `call_app'
  railties (4.2.3) lib/rails/rack/logger.rb:20:in `block in call'
  activesupport (4.2.3) lib/active_support/tagged_logging.rb:68:in `block in tagged'
  activesupport (4.2.3) lib/active_support/tagged_logging.rb:26:in `tagged'
  activesupport (4.2.3) lib/active_support/tagged_logging.rb:68:in `tagged'
  railties (4.2.3) lib/rails/rack/logger.rb:20:in `call'
  quiet_assets (1.1.0) lib/quiet_assets.rb:27:in `call_with_quiet_assets'
  actionpack (4.2.3) lib/action_dispatch/middleware/request_id.rb:21:in `call'
  rack (1.6.4) lib/rack/methodoverride.rb:22:in `call'
  rack (1.6.4) lib/rack/runtime.rb:18:in `call'
  activesupport (4.2.3) lib/active_support/cache/strategy/local_cache_middleware.rb:28:in `call'
  rack (1.6.4) lib/rack/lock.rb:17:in `call'
  actionpack (4.2.3) lib/action_dispatch/middleware/static.rb:116:in `call'
  rack (1.6.4) lib/rack/sendfile.rb:113:in `call'
  railties (4.2.3) lib/rails/engine.rb:518:in `call'
  railties (4.2.3) lib/rails/application.rb:165:in `call'
  rack (1.6.4) lib/rack/lock.rb:17:in `call'
  rack (1.6.4) lib/rack/content_length.rb:15:in `call'
  rack (1.6.4) lib/rack/handler/webrick.rb:88:in `service'
  /home/sam/.rvm/rubies/ruby-2.2.0/lib/ruby/2.2.0/webrick/httpserver.rb:138:in `service'
  /home/sam/.rvm/rubies/ruby-2.2.0/lib/ruby/2.2.0/webrick/httpserver.rb:94:in `run'
  /home/sam/.rvm/rubies/ruby-2.2.0/lib/ruby/2.2.0/webrick/server.rb:294:in `block in start_thread'



Started GET "/pages/contact" for 127.0.0.1 at 2015-08-16 10:17:01 -0700
Processing by HighVoltage::PagesController#show as HTML
  Parameters: {"id"=>"contact"}
Completed 404 Not Found in 3ms (ActiveRecord: 0.0ms)

ActionController::RoutingError - No such page: contact:
  high_voltage (2.4.0) app/controllers/concerns/high_voltage/static_page.rb:46:in `invalid_page'
  high_voltage (2.4.0) app/controllers/concerns/high_voltage/static_page.rb:9:in `block (2 levels) in <module:StaticPage>'
  activesupport (4.2.3) lib/active_support/rescuable.rb:114:in `block in handler_for_rescue'
  activesupport (4.2.3) lib/active_support/rescuable.rb:80:in `rescue_with_handler'
  actionpack (4.2.3) lib/action_controller/metal/rescue.rb:15:in `rescue_with_handler'
  actionpack (4.2.3) lib/action_controller/metal/rescue.rb:32:in `rescue in process_action'
  actionpack (4.2.3) lib/action_controller/metal/rescue.rb:29:in `process_action'
  actionpack (4.2.3) lib/action_controller/metal/instrumentation.rb:32:in `block in process_action'
  activesupport (4.2.3) lib/active_support/notifications.rb:164:in `block in instrument'
  activesupport (4.2.3) lib/active_support/notifications/instrumenter.rb:20:in `instrument'
  activesupport (4.2.3) lib/active_support/notifications.rb:164:in `instrument'
  actionpack (4.2.3) lib/action_controller/metal/instrumentation.rb:30:in `process_action'
  actionpack (4.2.3) lib/action_controller/metal/params_wrapper.rb:250:in `process_action'
  activerecord (4.2.3) lib/active_record/railties/controller_runtime.rb:18:in `process_action'
  actionpack (4.2.3) lib/abstract_controller/base.rb:137:in `process'
  actionview (4.2.3) lib/action_view/rendering.rb:30:in `process'
  actionpack (4.2.3) lib/action_controller/metal.rb:196:in `dispatch'
  actionpack (4.2.3) lib/action_controller/metal/rack_delegation.rb:13:in `dispatch'
  actionpack (4.2.3) lib/action_controller/metal.rb:237:in `block in action'
  actionpack (4.2.3) lib/action_dispatch/routing/route_set.rb:76:in `dispatch'
  actionpack (4.2.3) lib/action_dispatch/routing/route_set.rb:45:in `serve'
  actionpack (4.2.3) lib/action_dispatch/journey/router.rb:43:in `block in serve'
  actionpack (4.2.3) lib/action_dispatch/journey/router.rb:30:in `serve'
  actionpack (4.2.3) lib/action_dispatch/routing/route_set.rb:821:in `call'
  rack (1.6.4) lib/rack/etag.rb:24:in `call'
  rack (1.6.4) lib/rack/conditionalget.rb:25:in `call'
  rack (1.6.4) lib/rack/head.rb:13:in `call'
  actionpack (4.2.3) lib/action_dispatch/middleware/params_parser.rb:27:in `call'
  actionpack (4.2.3) lib/action_dispatch/middleware/flash.rb:260:in `call'
  rack (1.6.4) lib/rack/session/abstract/id.rb:225:in `context'
  rack (1.6.4) lib/rack/session/abstract/id.rb:220:in `call'
  actionpack (4.2.3) lib/action_dispatch/middleware/cookies.rb:560:in `call'
  activerecord (4.2.3) lib/active_record/query_cache.rb:36:in `call'
  activerecord (4.2.3) lib/active_record/connection_adapters/abstract/connection_pool.rb:653:in `call'
  activerecord (4.2.3) lib/active_record/migration.rb:377:in `call'
  actionpack (4.2.3) lib/action_dispatch/middleware/callbacks.rb:29:in `block in call'
  activesupport (4.2.3) lib/active_support/callbacks.rb:84:in `run_callbacks'
  actionpack (4.2.3) lib/action_dispatch/middleware/callbacks.rb:27:in `call'
  actionpack (4.2.3) lib/action_dispatch/middleware/reloader.rb:73:in `call'
  actionpack (4.2.3) lib/action_dispatch/middleware/remote_ip.rb:78:in `call'
  better_errors (2.1.1) lib/better_errors/middleware.rb:84:in `protected_app_call'
  better_errors (2.1.1) lib/better_errors/middleware.rb:79:in `better_errors_call'
  better_errors (2.1.1) lib/better_errors/middleware.rb:57:in `call'
  actionpack (4.2.3) lib/action_dispatch/middleware/debug_exceptions.rb:17:in `call'
  web-console (2.2.1) lib/web_console/middleware.rb:39:in `call'
  actionpack (4.2.3) lib/action_dispatch/middleware/show_exceptions.rb:30:in `call'
  railties (4.2.3) lib/rails/rack/logger.rb:38:in `call_app'
  railties (4.2.3) lib/rails/rack/logger.rb:20:in `block in call'
  activesupport (4.2.3) lib/active_support/tagged_logging.rb:68:in `block in tagged'
  activesupport (4.2.3) lib/active_support/tagged_logging.rb:26:in `tagged'
  activesupport (4.2.3) lib/active_support/tagged_logging.rb:68:in `tagged'
  railties (4.2.3) lib/rails/rack/logger.rb:20:in `call'
  quiet_assets (1.1.0) lib/quiet_assets.rb:27:in `call_with_quiet_assets'
  actionpack (4.2.3) lib/action_dispatch/middleware/request_id.rb:21:in `call'
  rack (1.6.4) lib/rack/methodoverride.rb:22:in `call'
  rack (1.6.4) lib/rack/runtime.rb:18:in `call'
  activesupport (4.2.3) lib/active_support/cache/strategy/local_cache_middleware.rb:28:in `call'
  rack (1.6.4) lib/rack/lock.rb:17:in `call'
  actionpack (4.2.3) lib/action_dispatch/middleware/static.rb:116:in `call'
  rack (1.6.4) lib/rack/sendfile.rb:113:in `call'
  railties (4.2.3) lib/rails/engine.rb:518:in `call'
  railties (4.2.3) lib/rails/application.rb:165:in `call'
  rack (1.6.4) lib/rack/lock.rb:17:in `call'
  rack (1.6.4) lib/rack/content_length.rb:15:in `call'
  rack (1.6.4) lib/rack/handler/webrick.rb:88:in `service'
  /home/sam/.rvm/rubies/ruby-2.2.0/lib/ruby/2.2.0/webrick/httpserver.rb:138:in `service'
  /home/sam/.rvm/rubies/ruby-2.2.0/lib/ruby/2.2.0/webrick/httpserver.rb:94:in `run'
  /home/sam/.rvm/rubies/ruby-2.2.0/lib/ruby/2.2.0/webrick/server.rb:294:in `block in start_thread'



Started POST "/__better_errors/0a6de69a820213d0/variables" for 127.0.0.1 at 2015-08-16 10:17:02 -0700


Started GET "/pages/contact" for 127.0.0.1 at 2015-08-16 10:20:06 -0700
Processing by HighVoltage::PagesController#show as HTML
  Parameters: {"id"=>"contact"}
Completed 404 Not Found in 6ms (ActiveRecord: 0.0ms)

ActionController::RoutingError - No such page: contact:
  high_voltage (2.4.0) app/controllers/concerns/high_voltage/static_page.rb:46:in `invalid_page'
  high_voltage (2.4.0) app/controllers/concerns/high_voltage/static_page.rb:9:in `block (2 levels) in <module:StaticPage>'
  activesupport (4.2.3) lib/active_support/rescuable.rb:114:in `block in handler_for_rescue'
  activesupport (4.2.3) lib/active_support/rescuable.rb:80:in `rescue_with_handler'
  actionpack (4.2.3) lib/action_controller/metal/rescue.rb:15:in `rescue_with_handler'
  actionpack (4.2.3) lib/action_controller/metal/rescue.rb:32:in `rescue in process_action'
  actionpack (4.2.3) lib/action_controller/metal/rescue.rb:29:in `process_action'
  actionpack (4.2.3) lib/action_controller/metal/instrumentation.rb:32:in `block in process_action'
  activesupport (4.2.3) lib/active_support/notifications.rb:164:in `block in instrument'
  activesupport (4.2.3) lib/active_support/notifications/instrumenter.rb:20:in `instrument'
  activesupport (4.2.3) lib/active_support/notifications.rb:164:in `instrument'
  actionpack (4.2.3) lib/action_controller/metal/instrumentation.rb:30:in `process_action'
  actionpack (4.2.3) lib/action_controller/metal/params_wrapper.rb:250:in `process_action'
  activerecord (4.2.3) lib/active_record/railties/controller_runtime.rb:18:in `process_action'
  actionpack (4.2.3) lib/abstract_controller/base.rb:137:in `process'
  actionview (4.2.3) lib/action_view/rendering.rb:30:in `process'
  actionpack (4.2.3) lib/action_controller/metal.rb:196:in `dispatch'
  actionpack (4.2.3) lib/action_controller/metal/rack_delegation.rb:13:in `dispatch'
  actionpack (4.2.3) lib/action_controller/metal.rb:237:in `block in action'
  actionpack (4.2.3) lib/action_dispatch/routing/route_set.rb:76:in `dispatch'
  actionpack (4.2.3) lib/action_dispatch/routing/route_set.rb:45:in `serve'
  actionpack (4.2.3) lib/action_dispatch/journey/router.rb:43:in `block in serve'
  actionpack (4.2.3) lib/action_dispatch/journey/router.rb:30:in `serve'
  actionpack (4.2.3) lib/action_dispatch/routing/route_set.rb:821:in `call'
  rack (1.6.4) lib/rack/etag.rb:24:in `call'
  rack (1.6.4) lib/rack/conditionalget.rb:25:in `call'
  rack (1.6.4) lib/rack/head.rb:13:in `call'
  actionpack (4.2.3) lib/action_dispatch/middleware/params_parser.rb:27:in `call'
  actionpack (4.2.3) lib/action_dispatch/middleware/flash.rb:260:in `call'
  rack (1.6.4) lib/rack/session/abstract/id.rb:225:in `context'
  rack (1.6.4) lib/rack/session/abstract/id.rb:220:in `call'
  actionpack (4.2.3) lib/action_dispatch/middleware/cookies.rb:560:in `call'
  activerecord (4.2.3) lib/active_record/query_cache.rb:36:in `call'
  activerecord (4.2.3) lib/active_record/connection_adapters/abstract/connection_pool.rb:653:in `call'
  activerecord (4.2.3) lib/active_record/migration.rb:377:in `call'
  actionpack (4.2.3) lib/action_dispatch/middleware/callbacks.rb:29:in `block in call'
  activesupport (4.2.3) lib/active_support/callbacks.rb:84:in `run_callbacks'
  actionpack (4.2.3) lib/action_dispatch/middleware/callbacks.rb:27:in `call'
  actionpack (4.2.3) lib/action_dispatch/middleware/reloader.rb:73:in `call'
  actionpack (4.2.3) lib/action_dispatch/middleware/remote_ip.rb:78:in `call'
  better_errors (2.1.1) lib/better_errors/middleware.rb:84:in `protected_app_call'
  better_errors (2.1.1) lib/better_errors/middleware.rb:79:in `better_errors_call'
  better_errors (2.1.1) lib/better_errors/middleware.rb:57:in `call'
  actionpack (4.2.3) lib/action_dispatch/middleware/debug_exceptions.rb:17:in `call'
  web-console (2.2.1) lib/web_console/middleware.rb:39:in `call'
  actionpack (4.2.3) lib/action_dispatch/middleware/show_exceptions.rb:30:in `call'
  railties (4.2.3) lib/rails/rack/logger.rb:38:in `call_app'
  railties (4.2.3) lib/rails/rack/logger.rb:20:in `block in call'
  activesupport (4.2.3) lib/active_support/tagged_logging.rb:68:in `block in tagged'
  activesupport (4.2.3) lib/active_support/tagged_logging.rb:26:in `tagged'
  activesupport (4.2.3) lib/active_support/tagged_logging.rb:68:in `tagged'
  railties (4.2.3) lib/rails/rack/logger.rb:20:in `call'
  quiet_assets (1.1.0) lib/quiet_assets.rb:27:in `call_with_quiet_assets'
  actionpack (4.2.3) lib/action_dispatch/middleware/request_id.rb:21:in `call'
  rack (1.6.4) lib/rack/methodoverride.rb:22:in `call'
  rack (1.6.4) lib/rack/runtime.rb:18:in `call'
  activesupport (4.2.3) lib/active_support/cache/strategy/local_cache_middleware.rb:28:in `call'
  rack (1.6.4) lib/rack/lock.rb:17:in `call'
  actionpack (4.2.3) lib/action_dispatch/middleware/static.rb:116:in `call'
  rack (1.6.4) lib/rack/sendfile.rb:113:in `call'
  railties (4.2.3) lib/rails/engine.rb:518:in `call'
  railties (4.2.3) lib/rails/application.rb:165:in `call'
  rack (1.6.4) lib/rack/lock.rb:17:in `call'
  rack (1.6.4) lib/rack/content_length.rb:15:in `call'
  rack (1.6.4) lib/rack/handler/webrick.rb:88:in `service'
  /home/sam/.rvm/rubies/ruby-2.2.0/lib/ruby/2.2.0/webrick/httpserver.rb:138:in `service'
  /home/sam/.rvm/rubies/ruby-2.2.0/lib/ruby/2.2.0/webrick/httpserver.rb:94:in `run'
  /home/sam/.rvm/rubies/ruby-2.2.0/lib/ruby/2.2.0/webrick/server.rb:294:in `block in start_thread'



Started POST "/__better_errors/08fd7fb6eabafc20/variables" for 127.0.0.1 at 2015-08-16 10:20:06 -0700


Started GET "/pages/contact" for 127.0.0.1 at 2015-08-16 10:26:42 -0700
Processing by HighVoltage::PagesController#show as HTML
  Parameters: {"id"=>"contact"}
Completed 404 Not Found in 3ms (ActiveRecord: 0.0ms)

ActionController::RoutingError - No such page: contact:
  high_voltage (2.4.0) app/controllers/concerns/high_voltage/static_page.rb:46:in `invalid_page'
  high_voltage (2.4.0) app/controllers/concerns/high_voltage/static_page.rb:9:in `block (2 levels) in <module:StaticPage>'
  activesupport (4.2.3) lib/active_support/rescuable.rb:114:in `block in handler_for_rescue'
  activesupport (4.2.3) lib/active_support/rescuable.rb:80:in `rescue_with_handler'
  actionpack (4.2.3) lib/action_controller/metal/rescue.rb:15:in `rescue_with_handler'
  actionpack (4.2.3) lib/action_controller/metal/rescue.rb:32:in `rescue in process_action'
  actionpack (4.2.3) lib/action_controller/metal/rescue.rb:29:in `process_action'
  actionpack (4.2.3) lib/action_controller/metal/instrumentation.rb:32:in `block in process_action'
  activesupport (4.2.3) lib/active_support/notifications.rb:164:in `block in instrument'
  activesupport (4.2.3) lib/active_support/notifications/instrumenter.rb:20:in `instrument'
  activesupport (4.2.3) lib/active_support/notifications.rb:164:in `instrument'
  actionpack (4.2.3) lib/action_controller/metal/instrumentation.rb:30:in `process_action'
  actionpack (4.2.3) lib/action_controller/metal/params_wrapper.rb:250:in `process_action'
  activerecord (4.2.3) lib/active_record/railties/controller_runtime.rb:18:in `process_action'
  actionpack (4.2.3) lib/abstract_controller/base.rb:137:in `process'
  actionview (4.2.3) lib/action_view/rendering.rb:30:in `process'
  actionpack (4.2.3) lib/action_controller/metal.rb:196:in `dispatch'
  actionpack (4.2.3) lib/action_controller/metal/rack_delegation.rb:13:in `dispatch'
  actionpack (4.2.3) lib/action_controller/metal.rb:237:in `block in action'
  actionpack (4.2.3) lib/action_dispatch/routing/route_set.rb:76:in `dispatch'
  actionpack (4.2.3) lib/action_dispatch/routing/route_set.rb:45:in `serve'
  actionpack (4.2.3) lib/action_dispatch/journey/router.rb:43:in `block in serve'
  actionpack (4.2.3) lib/action_dispatch/journey/router.rb:30:in `serve'
  actionpack (4.2.3) lib/action_dispatch/routing/route_set.rb:821:in `call'
  rack (1.6.4) lib/rack/etag.rb:24:in `call'
  rack (1.6.4) lib/rack/conditionalget.rb:25:in `call'
  rack (1.6.4) lib/rack/head.rb:13:in `call'
  actionpack (4.2.3) lib/action_dispatch/middleware/params_parser.rb:27:in `call'
  actionpack (4.2.3) lib/action_dispatch/middleware/flash.rb:260:in `call'
  rack (1.6.4) lib/rack/session/abstract/id.rb:225:in `context'
  rack (1.6.4) lib/rack/session/abstract/id.rb:220:in `call'
  actionpack (4.2.3) lib/action_dispatch/middleware/cookies.rb:560:in `call'
  activerecord (4.2.3) lib/active_record/query_cache.rb:36:in `call'
  activerecord (4.2.3) lib/active_record/connection_adapters/abstract/connection_pool.rb:653:in `call'
  activerecord (4.2.3) lib/active_record/migration.rb:377:in `call'
  actionpack (4.2.3) lib/action_dispatch/middleware/callbacks.rb:29:in `block in call'
  activesupport (4.2.3) lib/active_support/callbacks.rb:84:in `run_callbacks'
  actionpack (4.2.3) lib/action_dispatch/middleware/callbacks.rb:27:in `call'
  actionpack (4.2.3) lib/action_dispatch/middleware/reloader.rb:73:in `call'
  actionpack (4.2.3) lib/action_dispatch/middleware/remote_ip.rb:78:in `call'
  better_errors (2.1.1) lib/better_errors/middleware.rb:84:in `protected_app_call'
  better_errors (2.1.1) lib/better_errors/middleware.rb:79:in `better_errors_call'
  better_errors (2.1.1) lib/better_errors/middleware.rb:57:in `call'
  actionpack (4.2.3) lib/action_dispatch/middleware/debug_exceptions.rb:17:in `call'
  web-console (2.2.1) lib/web_console/middleware.rb:39:in `call'
  actionpack (4.2.3) lib/action_dispatch/middleware/show_exceptions.rb:30:in `call'
  railties (4.2.3) lib/rails/rack/logger.rb:38:in `call_app'
  railties (4.2.3) lib/rails/rack/logger.rb:20:in `block in call'
  activesupport (4.2.3) lib/active_support/tagged_logging.rb:68:in `block in tagged'
  activesupport (4.2.3) lib/active_support/tagged_logging.rb:26:in `tagged'
  activesupport (4.2.3) lib/active_support/tagged_logging.rb:68:in `tagged'
  railties (4.2.3) lib/rails/rack/logger.rb:20:in `call'
  quiet_assets (1.1.0) lib/quiet_assets.rb:27:in `call_with_quiet_assets'
  actionpack (4.2.3) lib/action_dispatch/middleware/request_id.rb:21:in `call'
  rack (1.6.4) lib/rack/methodoverride.rb:22:in `call'
  rack (1.6.4) lib/rack/runtime.rb:18:in `call'
  activesupport (4.2.3) lib/active_support/cache/strategy/local_cache_middleware.rb:28:in `call'
  rack (1.6.4) lib/rack/lock.rb:17:in `call'
  actionpack (4.2.3) lib/action_dispatch/middleware/static.rb:116:in `call'
  rack (1.6.4) lib/rack/sendfile.rb:113:in `call'
  railties (4.2.3) lib/rails/engine.rb:518:in `call'
  railties (4.2.3) lib/rails/application.rb:165:in `call'
  rack (1.6.4) lib/rack/lock.rb:17:in `call'
  rack (1.6.4) lib/rack/content_length.rb:15:in `call'
  rack (1.6.4) lib/rack/handler/webrick.rb:88:in `service'
  /home/sam/.rvm/rubies/ruby-2.2.0/lib/ruby/2.2.0/webrick/httpserver.rb:138:in `service'
  /home/sam/.rvm/rubies/ruby-2.2.0/lib/ruby/2.2.0/webrick/httpserver.rb:94:in `run'
  /home/sam/.rvm/rubies/ruby-2.2.0/lib/ruby/2.2.0/webrick/server.rb:294:in `block in start_thread'



Started POST "/__better_errors/988a98138bd2938f/variables" for 127.0.0.1 at 2015-08-16 10:26:42 -0700


Started GET "/pages/contact" for 127.0.0.1 at 2015-08-16 10:29:41 -0700
Processing by HighVoltage::PagesController#show as HTML
  Parameters: {"id"=>"contact"}
Completed 404 Not Found in 2ms (ActiveRecord: 0.0ms)

ActionController::RoutingError - No such page: contact:
  high_voltage (2.4.0) app/controllers/concerns/high_voltage/static_page.rb:46:in `invalid_page'
  high_voltage (2.4.0) app/controllers/concerns/high_voltage/static_page.rb:9:in `block (2 levels) in <module:StaticPage>'
  activesupport (4.2.3) lib/active_support/rescuable.rb:114:in `block in handler_for_rescue'
  activesupport (4.2.3) lib/active_support/rescuable.rb:80:in `rescue_with_handler'
  actionpack (4.2.3) lib/action_controller/metal/rescue.rb:15:in `rescue_with_handler'
  actionpack (4.2.3) lib/action_controller/metal/rescue.rb:32:in `rescue in process_action'
  actionpack (4.2.3) lib/action_controller/metal/rescue.rb:29:in `process_action'
  actionpack (4.2.3) lib/action_controller/metal/instrumentation.rb:32:in `block in process_action'
  activesupport (4.2.3) lib/active_support/notifications.rb:164:in `block in instrument'
  activesupport (4.2.3) lib/active_support/notifications/instrumenter.rb:20:in `instrument'
  activesupport (4.2.3) lib/active_support/notifications.rb:164:in `instrument'
  actionpack (4.2.3) lib/action_controller/metal/instrumentation.rb:30:in `process_action'
  actionpack (4.2.3) lib/action_controller/metal/params_wrapper.rb:250:in `process_action'
  activerecord (4.2.3) lib/active_record/railties/controller_runtime.rb:18:in `process_action'
  actionpack (4.2.3) lib/abstract_controller/base.rb:137:in `process'
  actionview (4.2.3) lib/action_view/rendering.rb:30:in `process'
  actionpack (4.2.3) lib/action_controller/metal.rb:196:in `dispatch'
  actionpack (4.2.3) lib/action_controller/metal/rack_delegation.rb:13:in `dispatch'
  actionpack (4.2.3) lib/action_controller/metal.rb:237:in `block in action'
  actionpack (4.2.3) lib/action_dispatch/routing/route_set.rb:76:in `dispatch'
  actionpack (4.2.3) lib/action_dispatch/routing/route_set.rb:45:in `serve'
  actionpack (4.2.3) lib/action_dispatch/journey/router.rb:43:in `block in serve'
  actionpack (4.2.3) lib/action_dispatch/journey/router.rb:30:in `serve'
  actionpack (4.2.3) lib/action_dispatch/routing/route_set.rb:821:in `call'
  rack (1.6.4) lib/rack/etag.rb:24:in `call'
  rack (1.6.4) lib/rack/conditionalget.rb:25:in `call'
  rack (1.6.4) lib/rack/head.rb:13:in `call'
  actionpack (4.2.3) lib/action_dispatch/middleware/params_parser.rb:27:in `call'
  actionpack (4.2.3) lib/action_dispatch/middleware/flash.rb:260:in `call'
  rack (1.6.4) lib/rack/session/abstract/id.rb:225:in `context'
  rack (1.6.4) lib/rack/session/abstract/id.rb:220:in `call'
  actionpack (4.2.3) lib/action_dispatch/middleware/cookies.rb:560:in `call'
  activerecord (4.2.3) lib/active_record/query_cache.rb:36:in `call'
  activerecord (4.2.3) lib/active_record/connection_adapters/abstract/connection_pool.rb:653:in `call'
  activerecord (4.2.3) lib/active_record/migration.rb:377:in `call'
  actionpack (4.2.3) lib/action_dispatch/middleware/callbacks.rb:29:in `block in call'
  activesupport (4.2.3) lib/active_support/callbacks.rb:84:in `run_callbacks'
  actionpack (4.2.3) lib/action_dispatch/middleware/callbacks.rb:27:in `call'
  actionpack (4.2.3) lib/action_dispatch/middleware/reloader.rb:73:in `call'
  actionpack (4.2.3) lib/action_dispatch/middleware/remote_ip.rb:78:in `call'
  better_errors (2.1.1) lib/better_errors/middleware.rb:84:in `protected_app_call'
  better_errors (2.1.1) lib/better_errors/middleware.rb:79:in `better_errors_call'
  better_errors (2.1.1) lib/better_errors/middleware.rb:57:in `call'
  actionpack (4.2.3) lib/action_dispatch/middleware/debug_exceptions.rb:17:in `call'
  web-console (2.2.1) lib/web_console/middleware.rb:39:in `call'
  actionpack (4.2.3) lib/action_dispatch/middleware/show_exceptions.rb:30:in `call'
  railties (4.2.3) lib/rails/rack/logger.rb:38:in `call_app'
  railties (4.2.3) lib/rails/rack/logger.rb:20:in `block in call'
  activesupport (4.2.3) lib/active_support/tagged_logging.rb:68:in `block in tagged'
  activesupport (4.2.3) lib/active_support/tagged_logging.rb:26:in `tagged'
  activesupport (4.2.3) lib/active_support/tagged_logging.rb:68:in `tagged'
  railties (4.2.3) lib/rails/rack/logger.rb:20:in `call'
  quiet_assets (1.1.0) lib/quiet_assets.rb:27:in `call_with_quiet_assets'
  actionpack (4.2.3) lib/action_dispatch/middleware/request_id.rb:21:in `call'
  rack (1.6.4) lib/rack/methodoverride.rb:22:in `call'
  rack (1.6.4) lib/rack/runtime.rb:18:in `call'
  activesupport (4.2.3) lib/active_support/cache/strategy/local_cache_middleware.rb:28:in `call'
  rack (1.6.4) lib/rack/lock.rb:17:in `call'
  actionpack (4.2.3) lib/action_dispatch/middleware/static.rb:116:in `call'
  rack (1.6.4) lib/rack/sendfile.rb:113:in `call'
  railties (4.2.3) lib/rails/engine.rb:518:in `call'
  railties (4.2.3) lib/rails/application.rb:165:in `call'
  rack (1.6.4) lib/rack/lock.rb:17:in `call'
  rack (1.6.4) lib/rack/content_length.rb:15:in `call'
  rack (1.6.4) lib/rack/handler/webrick.rb:88:in `service'
  /home/sam/.rvm/rubies/ruby-2.2.0/lib/ruby/2.2.0/webrick/httpserver.rb:138:in `service'
  /home/sam/.rvm/rubies/ruby-2.2.0/lib/ruby/2.2.0/webrick/httpserver.rb:94:in `run'
  /home/sam/.rvm/rubies/ruby-2.2.0/lib/ruby/2.2.0/webrick/server.rb:294:in `block in start_thread'



Started POST "/__better_errors/4ffdd09a4b2aa60d/variables" for 127.0.0.1 at 2015-08-16 10:29:41 -0700


Started GET "/pages/contacts" for 127.0.0.1 at 2015-08-16 10:29:48 -0700
Processing by HighVoltage::PagesController#show as HTML
  Parameters: {"id"=>"contacts"}
Completed 404 Not Found in 3ms (ActiveRecord: 0.0ms)

ActionController::RoutingError - No such page: contacts:
  high_voltage (2.4.0) app/controllers/concerns/high_voltage/static_page.rb:46:in `invalid_page'
  high_voltage (2.4.0) app/controllers/concerns/high_voltage/static_page.rb:9:in `block (2 levels) in <module:StaticPage>'
  activesupport (4.2.3) lib/active_support/rescuable.rb:114:in `block in handler_for_rescue'
  activesupport (4.2.3) lib/active_support/rescuable.rb:80:in `rescue_with_handler'
  actionpack (4.2.3) lib/action_controller/metal/rescue.rb:15:in `rescue_with_handler'
  actionpack (4.2.3) lib/action_controller/metal/rescue.rb:32:in `rescue in process_action'
  actionpack (4.2.3) lib/action_controller/metal/rescue.rb:29:in `process_action'
  actionpack (4.2.3) lib/action_controller/metal/instrumentation.rb:32:in `block in process_action'
  activesupport (4.2.3) lib/active_support/notifications.rb:164:in `block in instrument'
  activesupport (4.2.3) lib/active_support/notifications/instrumenter.rb:20:in `instrument'
  activesupport (4.2.3) lib/active_support/notifications.rb:164:in `instrument'
  actionpack (4.2.3) lib/action_controller/metal/instrumentation.rb:30:in `process_action'
  actionpack (4.2.3) lib/action_controller/metal/params_wrapper.rb:250:in `process_action'
  activerecord (4.2.3) lib/active_record/railties/controller_runtime.rb:18:in `process_action'
  actionpack (4.2.3) lib/abstract_controller/base.rb:137:in `process'
  actionview (4.2.3) lib/action_view/rendering.rb:30:in `process'
  actionpack (4.2.3) lib/action_controller/metal.rb:196:in `dispatch'
  actionpack (4.2.3) lib/action_controller/metal/rack_delegation.rb:13:in `dispatch'
  actionpack (4.2.3) lib/action_controller/metal.rb:237:in `block in action'
  actionpack (4.2.3) lib/action_dispatch/routing/route_set.rb:76:in `dispatch'
  actionpack (4.2.3) lib/action_dispatch/routing/route_set.rb:45:in `serve'
  actionpack (4.2.3) lib/action_dispatch/journey/router.rb:43:in `block in serve'
  actionpack (4.2.3) lib/action_dispatch/journey/router.rb:30:in `serve'
  actionpack (4.2.3) lib/action_dispatch/routing/route_set.rb:821:in `call'
  rack (1.6.4) lib/rack/etag.rb:24:in `call'
  rack (1.6.4) lib/rack/conditionalget.rb:25:in `call'
  rack (1.6.4) lib/rack/head.rb:13:in `call'
  actionpack (4.2.3) lib/action_dispatch/middleware/params_parser.rb:27:in `call'
  actionpack (4.2.3) lib/action_dispatch/middleware/flash.rb:260:in `call'
  rack (1.6.4) lib/rack/session/abstract/id.rb:225:in `context'
  rack (1.6.4) lib/rack/session/abstract/id.rb:220:in `call'
  actionpack (4.2.3) lib/action_dispatch/middleware/cookies.rb:560:in `call'
  activerecord (4.2.3) lib/active_record/query_cache.rb:36:in `call'
  activerecord (4.2.3) lib/active_record/connection_adapters/abstract/connection_pool.rb:653:in `call'
  activerecord (4.2.3) lib/active_record/migration.rb:377:in `call'
  actionpack (4.2.3) lib/action_dispatch/middleware/callbacks.rb:29:in `block in call'
  activesupport (4.2.3) lib/active_support/callbacks.rb:84:in `run_callbacks'
  actionpack (4.2.3) lib/action_dispatch/middleware/callbacks.rb:27:in `call'
  actionpack (4.2.3) lib/action_dispatch/middleware/reloader.rb:73:in `call'
  actionpack (4.2.3) lib/action_dispatch/middleware/remote_ip.rb:78:in `call'
  better_errors (2.1.1) lib/better_errors/middleware.rb:84:in `protected_app_call'
  better_errors (2.1.1) lib/better_errors/middleware.rb:79:in `better_errors_call'
  better_errors (2.1.1) lib/better_errors/middleware.rb:57:in `call'
  actionpack (4.2.3) lib/action_dispatch/middleware/debug_exceptions.rb:17:in `call'
  web-console (2.2.1) lib/web_console/middleware.rb:39:in `call'
  actionpack (4.2.3) lib/action_dispatch/middleware/show_exceptions.rb:30:in `call'
  railties (4.2.3) lib/rails/rack/logger.rb:38:in `call_app'
  railties (4.2.3) lib/rails/rack/logger.rb:20:in `block in call'
  activesupport (4.2.3) lib/active_support/tagged_logging.rb:68:in `block in tagged'
  activesupport (4.2.3) lib/active_support/tagged_logging.rb:26:in `tagged'
  activesupport (4.2.3) lib/active_support/tagged_logging.rb:68:in `tagged'
  railties (4.2.3) lib/rails/rack/logger.rb:20:in `call'
  quiet_assets (1.1.0) lib/quiet_assets.rb:27:in `call_with_quiet_assets'
  actionpack (4.2.3) lib/action_dispatch/middleware/request_id.rb:21:in `call'
  rack (1.6.4) lib/rack/methodoverride.rb:22:in `call'
  rack (1.6.4) lib/rack/runtime.rb:18:in `call'
  activesupport (4.2.3) lib/active_support/cache/strategy/local_cache_middleware.rb:28:in `call'
  rack (1.6.4) lib/rack/lock.rb:17:in `call'
  actionpack (4.2.3) lib/action_dispatch/middleware/static.rb:116:in `call'
  rack (1.6.4) lib/rack/sendfile.rb:113:in `call'
  railties (4.2.3) lib/rails/engine.rb:518:in `call'
  railties (4.2.3) lib/rails/application.rb:165:in `call'
  rack (1.6.4) lib/rack/lock.rb:17:in `call'
  rack (1.6.4) lib/rack/content_length.rb:15:in `call'
  rack (1.6.4) lib/rack/handler/webrick.rb:88:in `service'
  /home/sam/.rvm/rubies/ruby-2.2.0/lib/ruby/2.2.0/webrick/httpserver.rb:138:in `service'
  /home/sam/.rvm/rubies/ruby-2.2.0/lib/ruby/2.2.0/webrick/httpserver.rb:94:in `run'
  /home/sam/.rvm/rubies/ruby-2.2.0/lib/ruby/2.2.0/webrick/server.rb:294:in `block in start_thread'



Started POST "/__better_errors/1514c0aabaac4873/variables" for 127.0.0.1 at 2015-08-16 10:29:48 -0700


Started GET "/contact" for 127.0.0.1 at 2015-08-16 10:29:56 -0700

ActionController::RoutingError (No route matches [GET] "/contact"):
  actionpack (4.2.3) lib/action_dispatch/middleware/debug_exceptions.rb:21:in `call'
  web-console (2.2.1) lib/web_console/middleware.rb:39:in `call'
  actionpack (4.2.3) lib/action_dispatch/middleware/show_exceptions.rb:30:in `call'
  railties (4.2.3) lib/rails/rack/logger.rb:38:in `call_app'
  railties (4.2.3) lib/rails/rack/logger.rb:20:in `block in call'
  activesupport (4.2.3) lib/active_support/tagged_logging.rb:68:in `block in tagged'
  activesupport (4.2.3) lib/active_support/tagged_logging.rb:26:in `tagged'
  activesupport (4.2.3) lib/active_support/tagged_logging.rb:68:in `tagged'
  railties (4.2.3) lib/rails/rack/logger.rb:20:in `call'
  quiet_assets (1.1.0) lib/quiet_assets.rb:27:in `call_with_quiet_assets'
  actionpack (4.2.3) lib/action_dispatch/middleware/request_id.rb:21:in `call'
  rack (1.6.4) lib/rack/methodoverride.rb:22:in `call'
  rack (1.6.4) lib/rack/runtime.rb:18:in `call'
  activesupport (4.2.3) lib/active_support/cache/strategy/local_cache_middleware.rb:28:in `call'
  rack (1.6.4) lib/rack/lock.rb:17:in `call'
  actionpack (4.2.3) lib/action_dispatch/middleware/static.rb:116:in `call'
  rack (1.6.4) lib/rack/sendfile.rb:113:in `call'
  railties (4.2.3) lib/rails/engine.rb:518:in `call'
  railties (4.2.3) lib/rails/application.rb:165:in `call'
  rack (1.6.4) lib/rack/lock.rb:17:in `call'
  rack (1.6.4) lib/rack/content_length.rb:15:in `call'
  rack (1.6.4) lib/rack/handler/webrick.rb:88:in `service'
  /home/sam/.rvm/rubies/ruby-2.2.0/lib/ruby/2.2.0/webrick/httpserver.rb:138:in `service'
  /home/sam/.rvm/rubies/ruby-2.2.0/lib/ruby/2.2.0/webrick/httpserver.rb:94:in `run'
  /home/sam/.rvm/rubies/ruby-2.2.0/lib/ruby/2.2.0/webrick/server.rb:294:in `block in start_thread'


  Rendered /home/sam/.rvm/gems/ruby-2.2.0@tcd-training/gems/actionpack-4.2.3/lib/action_dispatch/middleware/templates/rescues/_trace.html.erb (1.3ms)
  Rendered /home/sam/.rvm/gems/ruby-2.2.0@tcd-training/gems/actionpack-4.2.3/lib/action_dispatch/middleware/templates/routes/_route.html.erb (0.9ms)
  Rendered /home/sam/.rvm/gems/ruby-2.2.0@tcd-training/gems/actionpack-4.2.3/lib/action_dispatch/middleware/templates/routes/_table.html.erb (10.0ms)
  Rendered /home/sam/.rvm/gems/ruby-2.2.0@tcd-training/gems/actionpack-4.2.3/lib/action_dispatch/middleware/templates/rescues/_request_and_response.html.erb (1.3ms)
  Rendered /home/sam/.rvm/gems/ruby-2.2.0@tcd-training/gems/actionpack-4.2.3/lib/action_dispatch/middleware/templates/rescues/routing_error.html.erb within rescues/layout (45.5ms)
  Rendered /home/sam/.rvm/gems/ruby-2.2.0@tcd-training/gems/web-console-2.2.1/lib/web_console/templates/_markup.html.erb (0.3ms)
  Rendered /home/sam/.rvm/gems/ruby-2.2.0@tcd-training/gems/web-console-2.2.1/lib/web_console/templates/_inner_console_markup.html.erb within layouts/inlined_string (0.4ms)
  Rendered /home/sam/.rvm/gems/ruby-2.2.0@tcd-training/gems/web-console-2.2.1/lib/web_console/templates/_prompt_box_markup.html.erb within layouts/inlined_string (0.7ms)
  Rendered /home/sam/.rvm/gems/ruby-2.2.0@tcd-training/gems/web-console-2.2.1/lib/web_console/templates/style.css.erb within layouts/inlined_string (0.3ms)
  Rendered /home/sam/.rvm/gems/ruby-2.2.0@tcd-training/gems/web-console-2.2.1/lib/web_console/templates/console.js.erb within layouts/javascript (20.9ms)
  Rendered /home/sam/.rvm/gems/ruby-2.2.0@tcd-training/gems/web-console-2.2.1/lib/web_console/templates/main.js.erb within layouts/javascript (0.3ms)
  Rendered /home/sam/.rvm/gems/ruby-2.2.0@tcd-training/gems/web-console-2.2.1/lib/web_console/templates/error_page.js.erb within layouts/javascript (0.4ms)
  Rendered /home/sam/.rvm/gems/ruby-2.2.0@tcd-training/gems/web-console-2.2.1/lib/web_console/templates/index.html.erb (39.1ms)


Started GET "/contacts" for 127.0.0.1 at 2015-08-16 10:30:01 -0700

ActionController::RoutingError (No route matches [GET] "/contacts"):
  actionpack (4.2.3) lib/action_dispatch/middleware/debug_exceptions.rb:21:in `call'
  web-console (2.2.1) lib/web_console/middleware.rb:39:in `call'
  actionpack (4.2.3) lib/action_dispatch/middleware/show_exceptions.rb:30:in `call'
  railties (4.2.3) lib/rails/rack/logger.rb:38:in `call_app'
  railties (4.2.3) lib/rails/rack/logger.rb:20:in `block in call'
  activesupport (4.2.3) lib/active_support/tagged_logging.rb:68:in `block in tagged'
  activesupport (4.2.3) lib/active_support/tagged_logging.rb:26:in `tagged'
  activesupport (4.2.3) lib/active_support/tagged_logging.rb:68:in `tagged'
  railties (4.2.3) lib/rails/rack/logger.rb:20:in `call'
  quiet_assets (1.1.0) lib/quiet_assets.rb:27:in `call_with_quiet_assets'
  actionpack (4.2.3) lib/action_dispatch/middleware/request_id.rb:21:in `call'
  rack (1.6.4) lib/rack/methodoverride.rb:22:in `call'
  rack (1.6.4) lib/rack/runtime.rb:18:in `call'
  activesupport (4.2.3) lib/active_support/cache/strategy/local_cache_middleware.rb:28:in `call'
  rack (1.6.4) lib/rack/lock.rb:17:in `call'
  actionpack (4.2.3) lib/action_dispatch/middleware/static.rb:116:in `call'
  rack (1.6.4) lib/rack/sendfile.rb:113:in `call'
  railties (4.2.3) lib/rails/engine.rb:518:in `call'
  railties (4.2.3) lib/rails/application.rb:165:in `call'
  rack (1.6.4) lib/rack/lock.rb:17:in `call'
  rack (1.6.4) lib/rack/content_length.rb:15:in `call'
  rack (1.6.4) lib/rack/handler/webrick.rb:88:in `service'
  /home/sam/.rvm/rubies/ruby-2.2.0/lib/ruby/2.2.0/webrick/httpserver.rb:138:in `service'
  /home/sam/.rvm/rubies/ruby-2.2.0/lib/ruby/2.2.0/webrick/httpserver.rb:94:in `run'
  /home/sam/.rvm/rubies/ruby-2.2.0/lib/ruby/2.2.0/webrick/server.rb:294:in `block in start_thread'


  Rendered /home/sam/.rvm/gems/ruby-2.2.0@tcd-training/gems/actionpack-4.2.3/lib/action_dispatch/middleware/templates/rescues/_trace.html.erb (1.2ms)
  Rendered /home/sam/.rvm/gems/ruby-2.2.0@tcd-training/gems/actionpack-4.2.3/lib/action_dispatch/middleware/templates/routes/_route.html.erb (0.9ms)
  Rendered /home/sam/.rvm/gems/ruby-2.2.0@tcd-training/gems/actionpack-4.2.3/lib/action_dispatch/middleware/templates/routes/_table.html.erb (1.3ms)
  Rendered /home/sam/.rvm/gems/ruby-2.2.0@tcd-training/gems/actionpack-4.2.3/lib/action_dispatch/middleware/templates/rescues/_request_and_response.html.erb (1.5ms)
  Rendered /home/sam/.rvm/gems/ruby-2.2.0@tcd-training/gems/actionpack-4.2.3/lib/action_dispatch/middleware/templates/rescues/routing_error.html.erb within rescues/layout (20.2ms)
  Rendered /home/sam/.rvm/gems/ruby-2.2.0@tcd-training/gems/web-console-2.2.1/lib/web_console/templates/_markup.html.erb (0.4ms)
  Rendered /home/sam/.rvm/gems/ruby-2.2.0@tcd-training/gems/web-console-2.2.1/lib/web_console/templates/_inner_console_markup.html.erb within layouts/inlined_string (0.3ms)
  Rendered /home/sam/.rvm/gems/ruby-2.2.0@tcd-training/gems/web-console-2.2.1/lib/web_console/templates/_prompt_box_markup.html.erb within layouts/inlined_string (0.3ms)
  Rendered /home/sam/.rvm/gems/ruby-2.2.0@tcd-training/gems/web-console-2.2.1/lib/web_console/templates/style.css.erb within layouts/inlined_string (0.4ms)
  Rendered /home/sam/.rvm/gems/ruby-2.2.0@tcd-training/gems/web-console-2.2.1/lib/web_console/templates/console.js.erb within layouts/javascript (15.3ms)
  Rendered /home/sam/.rvm/gems/ruby-2.2.0@tcd-training/gems/web-console-2.2.1/lib/web_console/templates/main.js.erb within layouts/javascript (0.3ms)
  Rendered /home/sam/.rvm/gems/ruby-2.2.0@tcd-training/gems/web-console-2.2.1/lib/web_console/templates/error_page.js.erb within layouts/javascript (0.3ms)
  Rendered /home/sam/.rvm/gems/ruby-2.2.0@tcd-training/gems/web-console-2.2.1/lib/web_console/templates/index.html.erb (29.4ms)


Started GET "/contacts" for 127.0.0.1 at 2015-08-16 10:30:18 -0700

ActionController::RoutingError (No route matches [GET] "/contacts"):
  actionpack (4.2.3) lib/action_dispatch/middleware/debug_exceptions.rb:21:in `call'
  web-console (2.2.1) lib/web_console/middleware.rb:39:in `call'
  actionpack (4.2.3) lib/action_dispatch/middleware/show_exceptions.rb:30:in `call'
  railties (4.2.3) lib/rails/rack/logger.rb:38:in `call_app'
  railties (4.2.3) lib/rails/rack/logger.rb:20:in `block in call'
  activesupport (4.2.3) lib/active_support/tagged_logging.rb:68:in `block in tagged'
  activesupport (4.2.3) lib/active_support/tagged_logging.rb:26:in `tagged'
  activesupport (4.2.3) lib/active_support/tagged_logging.rb:68:in `tagged'
  railties (4.2.3) lib/rails/rack/logger.rb:20:in `call'
  quiet_assets (1.1.0) lib/quiet_assets.rb:27:in `call_with_quiet_assets'
  actionpack (4.2.3) lib/action_dispatch/middleware/request_id.rb:21:in `call'
  rack (1.6.4) lib/rack/methodoverride.rb:22:in `call'
  rack (1.6.4) lib/rack/runtime.rb:18:in `call'
  activesupport (4.2.3) lib/active_support/cache/strategy/local_cache_middleware.rb:28:in `call'
  rack (1.6.4) lib/rack/lock.rb:17:in `call'
  actionpack (4.2.3) lib/action_dispatch/middleware/static.rb:116:in `call'
  rack (1.6.4) lib/rack/sendfile.rb:113:in `call'
  railties (4.2.3) lib/rails/engine.rb:518:in `call'
  railties (4.2.3) lib/rails/application.rb:165:in `call'
  rack (1.6.4) lib/rack/lock.rb:17:in `call'
  rack (1.6.4) lib/rack/content_length.rb:15:in `call'
  rack (1.6.4) lib/rack/handler/webrick.rb:88:in `service'
  /home/sam/.rvm/rubies/ruby-2.2.0/lib/ruby/2.2.0/webrick/httpserver.rb:138:in `service'
  /home/sam/.rvm/rubies/ruby-2.2.0/lib/ruby/2.2.0/webrick/httpserver.rb:94:in `run'
  /home/sam/.rvm/rubies/ruby-2.2.0/lib/ruby/2.2.0/webrick/server.rb:294:in `block in start_thread'


  Rendered /home/sam/.rvm/gems/ruby-2.2.0@tcd-training/gems/actionpack-4.2.3/lib/action_dispatch/middleware/templates/rescues/_trace.html.erb (1.4ms)
  Rendered /home/sam/.rvm/gems/ruby-2.2.0@tcd-training/gems/actionpack-4.2.3/lib/action_dispatch/middleware/templates/routes/_route.html.erb (0.8ms)
  Rendered /home/sam/.rvm/gems/ruby-2.2.0@tcd-training/gems/actionpack-4.2.3/lib/action_dispatch/middleware/templates/routes/_table.html.erb (1.3ms)
  Rendered /home/sam/.rvm/gems/ruby-2.2.0@tcd-training/gems/actionpack-4.2.3/lib/action_dispatch/middleware/templates/rescues/_request_and_response.html.erb (1.1ms)
  Rendered /home/sam/.rvm/gems/ruby-2.2.0@tcd-training/gems/actionpack-4.2.3/lib/action_dispatch/middleware/templates/rescues/routing_error.html.erb within rescues/layout (21.6ms)
  Rendered /home/sam/.rvm/gems/ruby-2.2.0@tcd-training/gems/web-console-2.2.1/lib/web_console/templates/_markup.html.erb (0.2ms)
  Rendered /home/sam/.rvm/gems/ruby-2.2.0@tcd-training/gems/web-console-2.2.1/lib/web_console/templates/_inner_console_markup.html.erb within layouts/inlined_string (0.3ms)
  Rendered /home/sam/.rvm/gems/ruby-2.2.0@tcd-training/gems/web-console-2.2.1/lib/web_console/templates/_prompt_box_markup.html.erb within layouts/inlined_string (0.3ms)
  Rendered /home/sam/.rvm/gems/ruby-2.2.0@tcd-training/gems/web-console-2.2.1/lib/web_console/templates/style.css.erb within layouts/inlined_string (0.3ms)
  Rendered /home/sam/.rvm/gems/ruby-2.2.0@tcd-training/gems/web-console-2.2.1/lib/web_console/templates/console.js.erb within layouts/javascript (13.2ms)
  Rendered /home/sam/.rvm/gems/ruby-2.2.0@tcd-training/gems/web-console-2.2.1/lib/web_console/templates/main.js.erb within layouts/javascript (0.3ms)
  Rendered /home/sam/.rvm/gems/ruby-2.2.0@tcd-training/gems/web-console-2.2.1/lib/web_console/templates/error_page.js.erb within layouts/javascript (0.3ms)
  Rendered /home/sam/.rvm/gems/ruby-2.2.0@tcd-training/gems/web-console-2.2.1/lib/web_console/templates/index.html.erb (26.1ms)


Started GET "/" for 127.0.0.1 at 2015-08-16 10:30:43 -0700
Processing by VisitorsController#new as HTML
  Rendered visitors/new.html.erb within layouts/application (8.2ms)
  Rendered layouts/_navigation_links.html.erb (0.6ms)
  Rendered layouts/_navigation.html.erb (1.6ms)
  Rendered layouts/_messages.html.erb (0.5ms)
Completed 200 OK in 86ms (Views: 83.5ms | ActiveRecord: 0.0ms)


Started GET "/contacts/new" for 127.0.0.1 at 2015-08-16 10:30:45 -0700
Processing by ContactsController#new as HTML
  Rendered contacts/new.html.erb within layouts/application (126.8ms)
  Rendered layouts/_navigation_links.html.erb (0.5ms)
  Rendered layouts/_navigation.html.erb (1.2ms)
  Rendered layouts/_messages.html.erb (0.1ms)
Completed 200 OK in 203ms (Views: 198.5ms | ActiveRecord: 0.0ms)


Started POST "/contacts" for 127.0.0.1 at 2015-08-16 10:32:02 -0700
Processing by ContactsController#create as HTML
  Parameters: {"utf8"=>"✓", "authenticity_token"=>"8oLKfMGH3/GvT5Yx9EHBNPSSYldm+3DUcUNcvhVfHHFgsW1lini6M7/WkKZUnKZNOjcF6BGxvRWcbe7tc5m4Eg==", "contact"=>{"name"=>"Sam", "email"=>"freeforme82@gmail.com", "content"=>"I really love learning Rails!"}, "commit"=>"Submit"}
Redirected to http://localhost:3000/
Completed 302 Found in 2ms (ActiveRecord: 0.0ms)


Started GET "/" for 127.0.0.1 at 2015-08-16 10:32:02 -0700
Processing by VisitorsController#new as HTML
  Rendered visitors/new.html.erb within layouts/application (0.2ms)
  Rendered layouts/_navigation_links.html.erb (0.2ms)
  Rendered layouts/_navigation.html.erb (0.8ms)
  Rendered layouts/_messages.html.erb (0.1ms)
Completed 200 OK in 69ms (Views: 68.0ms | ActiveRecord: 0.0ms)


Started GET "/contacts/new" for 127.0.0.1 at 2015-08-16 10:32:04 -0700
Processing by ContactsController#new as HTML
  Rendered contacts/new.html.erb within layouts/application (64.2ms)
  Rendered layouts/_navigation_links.html.erb (0.2ms)
  Rendered layouts/_navigation.html.erb (1.0ms)
  Rendered layouts/_messages.html.erb (0.1ms)
Completed 200 OK in 133ms (Views: 132.8ms | ActiveRecord: 0.0ms)


Started POST "/contacts" for 127.0.0.1 at 2015-08-16 10:32:22 -0700
Processing by ContactsController#create as HTML
  Parameters: {"utf8"=>"✓", "authenticity_token"=>"7HBe7IpGkSEi22yCPT+FNfs2fBRYbgZsK7XlK7DUXoJ+Q/n1wbn04zJCahWd4uJMNZMbqy8ky63Gm1d41hL64Q==", "contact"=>{"name"=>"", "email"=>"smooth.ripe@gmail.com", "content"=>"Roger that buddy, I agree!"}, "commit"=>"Submit"}
  Rendered contacts/new.html.erb within layouts/application (74.3ms)
  Rendered layouts/_navigation_links.html.erb (0.2ms)
  Rendered layouts/_navigation.html.erb (0.7ms)
  Rendered layouts/_messages.html.erb (0.1ms)
Completed 200 OK in 156ms (Views: 155.3ms | ActiveRecord: 0.0ms)


Started POST "/contacts" for 127.0.0.1 at 2015-08-16 10:33:18 -0700
Processing by ContactsController#create as HTML
  Parameters: {"utf8"=>"✓", "authenticity_token"=>"bZcw3LeB4alNuuDp+oKtuKHlSKD4UjF9fOGi3HDFCBj/pJfF/H6Ea10j5n5aX8rBb0AvH48Y/LyRzxCPFgOsew==", "contact"=>{"name"=>"", "email"=>"me@foo", "content"=>"Roger that buddy, I agree!"}, "commit"=>"Submit"}
  Rendered contacts/new.html.erb within layouts/application (53.2ms)
  Rendered layouts/_navigation_links.html.erb (0.2ms)
  Rendered layouts/_navigation.html.erb (0.8ms)
  Rendered layouts/_messages.html.erb (0.0ms)
Completed 200 OK in 134ms (Views: 132.7ms | ActiveRecord: 0.0ms)
